# JRE version: OpenJDK Runtime Environment Temurin-21.0.5+11 (21.0.5+11) (build 21.0.5+11-LTS)
# Java VM: OpenJDK 64-Bit Server VM Temurin-21.0.5+11 (21.0.5+11-LTS, mixed mode, sharing, tiered, compressed oops, compressed class ptrs, parallel gc, windows-amd64)
GC Precious Log:
 CardTable entry size: 512
 CPUs: 8 total, 8 available
 Memory: 24410M
 Large Page Support: Disabled
 NUMA Support: Disabled
 Compressed Oops: Enabled (32-bit)
 Alignments: Space 512K, Generation 512K, Heap 2M
 Heap Min Capacity: 100M
 Heap Initial Capacity: 100M
 Heap Max Capacity: 1G
 Pre-touch: Disabled
 Parallel Workers: 8
Heap:
 PSYoungGen      total 5632K, used 5628K [0x00000000eab00000, 0x00000000eb680000, 0x0000000100000000)
  eden space 4608K, 100% used [0x00000000eab00000,0x00000000eaf80000,0x00000000eaf80000)
  from space 1024K, 99% used [0x00000000eb280000,0x00000000eb37f168,0x00000000eb380000)
  to   space 3072K, 40% used [0x00000000eaf80000,0x00000000eb0b7250,0x00000000eb280000)
 ParOldGen       total 274432K, used 273991K [0x00000000c0000000, 0x00000000d0c00000, 0x00000000eab00000)
  object space 274432K, 99% used [0x00000000c0000000,0x00000000d0b91d88,0x00000000d0c00000)
 Metaspace       used 57522K, committed 58816K, reserved 1114112K
  class space    used 5881K, committed 6400K, reserved 1048576K
GC Heap History (20 events):
Event: 17.386 GC heap before
{Heap before GC invocations=165 (full 2):
 PSYoungGen      total 7168K, used 6957K [0x00000000eab00000, 0x00000000eb380000, 0x0000000100000000)
  eden space 5632K, 100% used [0x00000000eab00000,0x00000000eb080000,0x00000000eb080000)
  from space 1536K, 86% used [0x00000000eb200000,0x00000000eb34b7a8,0x00000000eb380000)
  to   space 1536K, 0% used [0x00000000eb080000,0x00000000eb080000,0x00000000eb200000)
 ParOldGen       total 261120K, used 260806K [0x00000000c0000000, 0x00000000cff00000, 0x00000000eab00000)
  object space 261120K, 99% used [0x00000000c0000000,0x00000000cfeb1be0,0x00000000cff00000)
 Metaspace       used 57100K, committed 58304K, reserved 1114112K
  class space    used 5877K, committed 6400K, reserved 1048576K
}
Event: 17.388 GC heap after
{Heap after GC invocations=165 (full 2):
 PSYoungGen      total 7168K, used 1340K [0x00000000eab00000, 0x00000000eb380000, 0x0000000100000000)
  eden space 5632K, 0% used [0x00000000eab00000,0x00000000eab00000,0x00000000eb080000)
  from space 1536K, 87% used [0x00000000eb080000,0x00000000eb1cf1d8,0x00000000eb200000)
  to   space 1536K, 0% used [0x00000000eb200000,0x00000000eb200000,0x00000000eb380000)
 ParOldGen       total 262144K, used 261997K [0x00000000c0000000, 0x00000000d0000000, 0x00000000eab00000)
  object space 262144K, 99% used [0x00000000c0000000,0x00000000cffdb4f8,0x00000000d0000000)
 Metaspace       used 57100K, committed 58304K, reserved 1114112K
  class space    used 5877K, committed 6400K, reserved 1048576K
}
Event: 17.426 GC heap before
{Heap before GC invocations=166 (full 2):
 PSYoungGen      total 7168K, used 6972K [0x00000000eab00000, 0x00000000eb380000, 0x0000000100000000)
  eden space 5632K, 100% used [0x00000000eab00000,0x00000000eb080000,0x00000000eb080000)
  from space 1536K, 87% used [0x00000000eb080000,0x00000000eb1cf1d8,0x00000000eb200000)
  to   space 1536K, 0% used [0x00000000eb200000,0x00000000eb200000,0x00000000eb380000)
 ParOldGen       total 262144K, used 261997K [0x00000000c0000000, 0x00000000d0000000, 0x00000000eab00000)
  object space 262144K, 99% used [0x00000000c0000000,0x00000000cffdb4f8,0x00000000d0000000)
 Metaspace       used 57141K, committed 58368K, reserved 1114112K
  class space    used 5877K, committed 6400K, reserved 1048576K
}
Event: 17.429 GC heap after
{Heap after GC invocations=166 (full 2):
 PSYoungGen      total 7168K, used 1273K [0x00000000eab00000, 0x00000000eb380000, 0x0000000100000000)
  eden space 5632K, 0% used [0x00000000eab00000,0x00000000eab00000,0x00000000eb080000)
  from space 1536K, 82% used [0x00000000eb200000,0x00000000eb33e598,0x00000000eb380000)
  to   space 1536K, 0% used [0x00000000eb080000,0x00000000eb080000,0x00000000eb200000)
 ParOldGen       total 263168K, used 263141K [0x00000000c0000000, 0x00000000d0100000, 0x00000000eab00000)
  object space 263168K, 99% used [0x00000000c0000000,0x00000000d00f9778,0x00000000d0100000)
 Metaspace       used 57141K, committed 58368K, reserved 1114112K
  class space    used 5877K, committed 6400K, reserved 1048576K
}
Event: 17.463 GC heap before
{Heap before GC invocations=167 (full 2):
 PSYoungGen      total 7168K, used 6905K [0x00000000eab00000, 0x00000000eb380000, 0x0000000100000000)
  eden space 5632K, 100% used [0x00000000eab00000,0x00000000eb080000,0x00000000eb080000)
  from space 1536K, 82% used [0x00000000eb200000,0x00000000eb33e598,0x00000000eb380000)
  to   space 1536K, 0% used [0x00000000eb080000,0x00000000eb080000,0x00000000eb200000)
 ParOldGen       total 263168K, used 263141K [0x00000000c0000000, 0x00000000d0100000, 0x00000000eab00000)
  object space 263168K, 99% used [0x00000000c0000000,0x00000000d00f9778,0x00000000d0100000)
 Metaspace       used 57182K, committed 58432K, reserved 1114112K
  class space    used 5879K, committed 6400K, reserved 1048576K
}
Event: 17.466 GC heap after
{Heap after GC invocations=167 (full 2):
 PSYoungGen      total 7168K, used 1335K [0x00000000eab00000, 0x00000000eb380000, 0x0000000100000000)
  eden space 5632K, 0% used [0x00000000eab00000,0x00000000eab00000,0x00000000eb080000)
  from space 1536K, 86% used [0x00000000eb080000,0x00000000eb1cdc70,0x00000000eb200000)
  to   space 1536K, 0% used [0x00000000eb200000,0x00000000eb200000,0x00000000eb380000)
 ParOldGen       total 264704K, used 264286K [0x00000000c0000000, 0x00000000d0280000, 0x00000000eab00000)
  object space 264704K, 99% used [0x00000000c0000000,0x00000000d0217a70,0x00000000d0280000)
 Metaspace       used 57182K, committed 58432K, reserved 1114112K
  class space    used 5879K, committed 6400K, reserved 1048576K
}
Event: 17.506 GC heap before
{Heap before GC invocations=168 (full 2):
 PSYoungGen      total 7168K, used 6967K [0x00000000eab00000, 0x00000000eb380000, 0x0000000100000000)
  eden space 5632K, 100% used [0x00000000eab00000,0x00000000eb080000,0x00000000eb080000)
  from space 1536K, 86% used [0x00000000eb080000,0x00000000eb1cdc70,0x00000000eb200000)
  to   space 1536K, 0% used [0x00000000eb200000,0x00000000eb200000,0x00000000eb380000)
 ParOldGen       total 264704K, used 264286K [0x00000000c0000000, 0x00000000d0280000, 0x00000000eab00000)
  object space 264704K, 99% used [0x00000000c0000000,0x00000000d0217a70,0x00000000d0280000)
 Metaspace       used 57262K, committed 58496K, reserved 1114112K
  class space    used 5880K, committed 6400K, reserved 1048576K
}
Event: 17.509 GC heap after
{Heap after GC invocations=168 (full 2):
 PSYoungGen      total 7168K, used 1202K [0x00000000eab00000, 0x00000000eb380000, 0x0000000100000000)
  eden space 5632K, 0% used [0x00000000eab00000,0x00000000eab00000,0x00000000eb080000)
  from space 1536K, 78% used [0x00000000eb200000,0x00000000eb32c928,0x00000000eb380000)
  to   space 1536K, 0% used [0x00000000eb080000,0x00000000eb080000,0x00000000eb200000)
 ParOldGen       total 265728K, used 265466K [0x00000000c0000000, 0x00000000d0380000, 0x00000000eab00000)
  object space 265728K, 99% used [0x00000000c0000000,0x00000000d033e9e8,0x00000000d0380000)
 Metaspace       used 57262K, committed 58496K, reserved 1114112K
  class space    used 5880K, committed 6400K, reserved 1048576K
}
Event: 17.550 GC heap before
{Heap before GC invocations=169 (full 2):
 PSYoungGen      total 7168K, used 6834K [0x00000000eab00000, 0x00000000eb380000, 0x0000000100000000)
  eden space 5632K, 100% used [0x00000000eab00000,0x00000000eb080000,0x00000000eb080000)
  from space 1536K, 78% used [0x00000000eb200000,0x00000000eb32c928,0x00000000eb380000)
  to   space 1536K, 0% used [0x00000000eb080000,0x00000000eb080000,0x00000000eb200000)
 ParOldGen       total 265728K, used 265466K [0x00000000c0000000, 0x00000000d0380000, 0x00000000eab00000)
  object space 265728K, 99% used [0x00000000c0000000,0x00000000d033e9e8,0x00000000d0380000)
 Metaspace       used 57311K, committed 58560K, reserved 1114112K
  class space    used 5880K, committed 6400K, reserved 1048576K
}
Event: 17.552 GC heap after
{Heap after GC invocations=169 (full 2):
 PSYoungGen      total 7168K, used 1506K [0x00000000eab00000, 0x00000000eb680000, 0x0000000100000000)
  eden space 5632K, 0% used [0x00000000eab00000,0x00000000eab00000,0x00000000eb080000)
  from space 1536K, 98% used [0x00000000eb080000,0x00000000eb1f8bc0,0x00000000eb200000)
  to   space 3072K, 0% used [0x00000000eb380000,0x00000000eb380000,0x00000000eb680000)
 ParOldGen       total 266752K, used 266594K [0x00000000c0000000, 0x00000000d0480000, 0x00000000eab00000)
  object space 266752K, 99% used [0x00000000c0000000,0x00000000d0458a30,0x00000000d0480000)
 Metaspace       used 57311K, committed 58560K, reserved 1114112K
  class space    used 5880K, committed 6400K, reserved 1048576K
}
Event: 17.589 GC heap before
{Heap before GC invocations=170 (full 2):
 PSYoungGen      total 7168K, used 7138K [0x00000000eab00000, 0x00000000eb680000, 0x0000000100000000)
  eden space 5632K, 100% used [0x00000000eab00000,0x00000000eb080000,0x00000000eb080000)
  from space 1536K, 98% used [0x00000000eb080000,0x00000000eb1f8bc0,0x00000000eb200000)
  to   space 3072K, 0% used [0x00000000eb380000,0x00000000eb380000,0x00000000eb680000)
 ParOldGen       total 266752K, used 266594K [0x00000000c0000000, 0x00000000d0480000, 0x00000000eab00000)
  object space 266752K, 99% used [0x00000000c0000000,0x00000000d0458a30,0x00000000d0480000)
 Metaspace       used 57340K, committed 58560K, reserved 1114112K
  class space    used 5880K, committed 6400K, reserved 1048576K
}
Event: 17.592 GC heap after
{Heap after GC invocations=170 (full 2):
 PSYoungGen      total 7168K, used 1225K [0x00000000eab00000, 0x00000000eb500000, 0x0000000100000000)
  eden space 5632K, 0% used [0x00000000eab00000,0x00000000eab00000,0x00000000eb080000)
  from space 1536K, 79% used [0x00000000eb380000,0x00000000eb4b2710,0x00000000eb500000)
  to   space 2048K, 0% used [0x00000000eb100000,0x00000000eb100000,0x00000000eb300000)
 ParOldGen       total 268288K, used 267917K [0x00000000c0000000, 0x00000000d0600000, 0x00000000eab00000)
  object space 268288K, 99% used [0x00000000c0000000,0x00000000d05a3670,0x00000000d0600000)
 Metaspace       used 57340K, committed 58560K, reserved 1114112K
  class space    used 5880K, committed 6400K, reserved 1048576K
}
Event: 17.633 GC heap before
{Heap before GC invocations=171 (full 2):
 PSYoungGen      total 7168K, used 6857K [0x00000000eab00000, 0x00000000eb500000, 0x0000000100000000)
  eden space 5632K, 100% used [0x00000000eab00000,0x00000000eb080000,0x00000000eb080000)
  from space 1536K, 79% used [0x00000000eb380000,0x00000000eb4b2710,0x00000000eb500000)
  to   space 2048K, 0% used [0x00000000eb100000,0x00000000eb100000,0x00000000eb300000)
 ParOldGen       total 268288K, used 267917K [0x00000000c0000000, 0x00000000d0600000, 0x00000000eab00000)
  object space 268288K, 99% used [0x00000000c0000000,0x00000000d05a3670,0x00000000d0600000)
 Metaspace       used 57373K, committed 58624K, reserved 1114112K
  class space    used 5881K, committed 6400K, reserved 1048576K
}
Event: 17.637 GC heap after
{Heap after GC invocations=171 (full 2):
 PSYoungGen      total 7168K, used 1444K [0x00000000eab00000, 0x00000000eb400000, 0x0000000100000000)
  eden space 5632K, 0% used [0x00000000eab00000,0x00000000eab00000,0x00000000eb080000)
  from space 1536K, 94% used [0x00000000eb100000,0x00000000eb269098,0x00000000eb280000)
  to   space 1536K, 0% used [0x00000000eb280000,0x00000000eb280000,0x00000000eb400000)
 ParOldGen       total 269312K, used 269001K [0x00000000c0000000, 0x00000000d0700000, 0x00000000eab00000)
  object space 269312K, 99% used [0x00000000c0000000,0x00000000d06b26f8,0x00000000d0700000)
 Metaspace       used 57373K, committed 58624K, reserved 1114112K
  class space    used 5881K, committed 6400K, reserved 1048576K
}
Event: 17.674 GC heap before
{Heap before GC invocations=172 (full 2):
 PSYoungGen      total 7168K, used 7076K [0x00000000eab00000, 0x00000000eb400000, 0x0000000100000000)
  eden space 5632K, 100% used [0x00000000eab00000,0x00000000eb080000,0x00000000eb080000)
  from space 1536K, 94% used [0x00000000eb100000,0x00000000eb269098,0x00000000eb280000)
  to   space 1536K, 0% used [0x00000000eb280000,0x00000000eb280000,0x00000000eb400000)
 ParOldGen       total 269312K, used 269001K [0x00000000c0000000, 0x00000000d0700000, 0x00000000eab00000)
  object space 269312K, 99% used [0x00000000c0000000,0x00000000d06b26f8,0x00000000d0700000)
 Metaspace       used 57427K, committed 58688K, reserved 1114112K
  class space    used 5881K, committed 6400K, reserved 1048576K
}
Event: 17.678 GC heap after
{Heap after GC invocations=172 (full 2):
 PSYoungGen      total 7168K, used 1484K [0x00000000eab00000, 0x00000000eb400000, 0x0000000100000000)
  eden space 5632K, 0% used [0x00000000eab00000,0x00000000eab00000,0x00000000eb080000)
  from space 1536K, 96% used [0x00000000eb280000,0x00000000eb3f31e0,0x00000000eb400000)
  to   space 1536K, 0% used [0x00000000eb100000,0x00000000eb100000,0x00000000eb280000)
 ParOldGen       total 270848K, used 270342K [0x00000000c0000000, 0x00000000d0880000, 0x00000000eab00000)
  object space 270848K, 99% used [0x00000000c0000000,0x00000000d0801af0,0x00000000d0880000)
 Metaspace       used 57427K, committed 58688K, reserved 1114112K
  class space    used 5881K, committed 6400K, reserved 1048576K
}
Event: 17.727 GC heap before
{Heap before GC invocations=173 (full 2):
 PSYoungGen      total 7168K, used 7116K [0x00000000eab00000, 0x00000000eb400000, 0x0000000100000000)
  eden space 5632K, 100% used [0x00000000eab00000,0x00000000eb080000,0x00000000eb080000)
  from space 1536K, 96% used [0x00000000eb280000,0x00000000eb3f31e0,0x00000000eb400000)
  to   space 1536K, 0% used [0x00000000eb100000,0x00000000eb100000,0x00000000eb280000)
 ParOldGen       total 270848K, used 270342K [0x00000000c0000000, 0x00000000d0880000, 0x00000000eab00000)
  object space 270848K, 99% used [0x00000000c0000000,0x00000000d0801af0,0x00000000d0880000)
 Metaspace       used 57456K, committed 58752K, reserved 1114112K
  class space    used 5881K, committed 6400K, reserved 1048576K
}
Event: 17.729 GC heap after
{Heap after GC invocations=173 (full 2):
 PSYoungGen      total 7168K, used 1408K [0x00000000eab00000, 0x00000000eb380000, 0x0000000100000000)
  eden space 5632K, 0% used [0x00000000eab00000,0x00000000eab00000,0x00000000eb080000)
  from space 1536K, 91% used [0x00000000eb100000,0x00000000eb2601f8,0x00000000eb280000)
  to   space 1024K, 0% used [0x00000000eb280000,0x00000000eb280000,0x00000000eb380000)
 ParOldGen       total 271872K, used 271667K [0x00000000c0000000, 0x00000000d0980000, 0x00000000eab00000)
  object space 271872K, 99% used [0x00000000c0000000,0x00000000d094cf58,0x00000000d0980000)
 Metaspace       used 57456K, committed 58752K, reserved 1114112K
  class space    used 5881K, committed 6400K, reserved 1048576K
}
Event: 17.769 GC heap before
{Heap before GC invocations=174 (full 2):
 PSYoungGen      total 7168K, used 7033K [0x00000000eab00000, 0x00000000eb380000, 0x0000000100000000)
  eden space 5632K, 99% used [0x00000000eab00000,0x00000000eb07e440,0x00000000eb080000)
  from space 1536K, 91% used [0x00000000eb100000,0x00000000eb2601f8,0x00000000eb280000)
  to   space 1024K, 0% used [0x00000000eb280000,0x00000000eb280000,0x00000000eb380000)
 ParOldGen       total 271872K, used 271667K [0x00000000c0000000, 0x00000000d0980000, 0x00000000eab00000)
  object space 271872K, 99% used [0x00000000c0000000,0x00000000d094cf58,0x00000000d0980000)
 Metaspace       used 57495K, committed 58752K, reserved 1114112K
  class space    used 5881K, committed 6400K, reserved 1048576K
}
Event: 17.773 GC heap after
{Heap after GC invocations=174 (full 2):
 PSYoungGen      total 5632K, used 1020K [0x00000000eab00000, 0x00000000eb680000, 0x0000000100000000)
  eden space 4608K, 0% used [0x00000000eab00000,0x00000000eab00000,0x00000000eaf80000)
  from space 1024K, 99% used [0x00000000eb280000,0x00000000eb37f168,0x00000000eb380000)
  to   space 3072K, 0% used [0x00000000eaf80000,0x00000000eaf80000,0x00000000eb280000)
 ParOldGen       total 273408K, used 273131K [0x00000000c0000000, 0x00000000d0b00000, 0x00000000eab00000)
  object space 273408K, 99% used [0x00000000c0000000,0x00000000d0abafd8,0x00000000d0b00000)
 Metaspace       used 57495K, committed 58752K, reserved 1114112K
  class space    used 5881K, committed 6400K, reserved 1048576K
}

