# JRE version: OpenJDK Runtime Environment Temurin-21.0.5+11 (21.0.5+11) (build 21.0.5+11-LTS)
# Java VM: OpenJDK 64-Bit Server VM Temurin-21.0.5+11 (21.0.5+11-LTS, mixed mode, sharing, tiered, compressed oops, compressed class ptrs, parallel gc, windows-amd64)
GC Precious Log:
 CardTable entry size: 512
 CPUs: 8 total, 8 available
 Memory: 24410M
 Large Page Support: Disabled
 NUMA Support: Disabled
 Compressed Oops: Enabled (32-bit)
 Alignments: Space 512K, Generation 512K, Heap 2M
 Heap Min Capacity: 100M
 Heap Initial Capacity: 100M
 Heap Max Capacity: 1G
 Pre-touch: Disabled
 Parallel Workers: 8
Heap:
 PSYoungGen      total 4096K, used 3826K [0x00000000eab00000, 0x00000000eb000000, 0x0000000100000000)
  eden space 3072K, 100% used [0x00000000eab00000,0x00000000eae00000,0x00000000eae00000)
  from space 1024K, 73% used [0x00000000eaf00000,0x00000000eafbcb68,0x00000000eb000000)
  to   space 1024K, 81% used [0x00000000eae00000,0x00000000eaed1168,0x00000000eaf00000)
 ParOldGen       total 301056K, used 301050K [0x00000000c0000000, 0x00000000d2600000, 0x00000000eab00000)
  object space 301056K, 99% used [0x00000000c0000000,0x00000000d25fe9d0,0x00000000d2600000)
 Metaspace       used 57089K, committed 58368K, reserved 1114112K
  class space    used 5882K, committed 6400K, reserved 1048576K
GC Heap History (20 events):
Event: 14.396 GC heap after
{Heap after GC invocations=326 (full 2):
 PSYoungGen      total 4096K, used 873K [0x00000000eab00000, 0x00000000eb000000, 0x0000000100000000)
  eden space 3072K, 0% used [0x00000000eab00000,0x00000000eab00000,0x00000000eae00000)
  from space 1024K, 85% used [0x00000000eaf00000,0x00000000eafda7f0,0x00000000eb000000)
  to   space 1024K, 0% used [0x00000000eae00000,0x00000000eae00000,0x00000000eaf00000)
 ParOldGen       total 292352K, used 292313K [0x00000000c0000000, 0x00000000d1d80000, 0x00000000eab00000)
  object space 292352K, 99% used [0x00000000c0000000,0x00000000d1d767e8,0x00000000d1d80000)
 Metaspace       used 56675K, committed 57920K, reserved 1114112K
  class space    used 5874K, committed 6400K, reserved 1048576K
}
Event: 14.411 GC heap before
{Heap before GC invocations=327 (full 2):
 PSYoungGen      total 4096K, used 3945K [0x00000000eab00000, 0x00000000eb000000, 0x0000000100000000)
  eden space 3072K, 100% used [0x00000000eab00000,0x00000000eae00000,0x00000000eae00000)
  from space 1024K, 85% used [0x00000000eaf00000,0x00000000eafda7f0,0x00000000eb000000)
  to   space 1024K, 0% used [0x00000000eae00000,0x00000000eae00000,0x00000000eaf00000)
 ParOldGen       total 292352K, used 292313K [0x00000000c0000000, 0x00000000d1d80000, 0x00000000eab00000)
  object space 292352K, 99% used [0x00000000c0000000,0x00000000d1d767e8,0x00000000d1d80000)
 Metaspace       used 56710K, committed 57984K, reserved 1114112K
  class space    used 5874K, committed 6400K, reserved 1048576K
}
Event: 14.414 GC heap after
{Heap after GC invocations=327 (full 2):
 PSYoungGen      total 4096K, used 663K [0x00000000eab00000, 0x00000000eb000000, 0x0000000100000000)
  eden space 3072K, 0% used [0x00000000eab00000,0x00000000eab00000,0x00000000eae00000)
  from space 1024K, 64% used [0x00000000eae00000,0x00000000eaea5ef8,0x00000000eaf00000)
  to   space 1024K, 0% used [0x00000000eaf00000,0x00000000eaf00000,0x00000000eb000000)
 ParOldGen       total 293376K, used 293046K [0x00000000c0000000, 0x00000000d1e80000, 0x00000000eab00000)
  object space 293376K, 99% used [0x00000000c0000000,0x00000000d1e2d8b0,0x00000000d1e80000)
 Metaspace       used 56710K, committed 57984K, reserved 1114112K
  class space    used 5874K, committed 6400K, reserved 1048576K
}
Event: 14.431 GC heap before
{Heap before GC invocations=328 (full 2):
 PSYoungGen      total 4096K, used 3735K [0x00000000eab00000, 0x00000000eb000000, 0x0000000100000000)
  eden space 3072K, 100% used [0x00000000eab00000,0x00000000eae00000,0x00000000eae00000)
  from space 1024K, 64% used [0x00000000eae00000,0x00000000eaea5ef8,0x00000000eaf00000)
  to   space 1024K, 0% used [0x00000000eaf00000,0x00000000eaf00000,0x00000000eb000000)
 ParOldGen       total 293376K, used 293046K [0x00000000c0000000, 0x00000000d1e80000, 0x00000000eab00000)
  object space 293376K, 99% used [0x00000000c0000000,0x00000000d1e2d8b0,0x00000000d1e80000)
 Metaspace       used 56750K, committed 57984K, reserved 1114112K
  class space    used 5874K, committed 6400K, reserved 1048576K
}
Event: 14.433 GC heap after
{Heap after GC invocations=328 (full 2):
 PSYoungGen      total 4096K, used 935K [0x00000000eab00000, 0x00000000eb000000, 0x0000000100000000)
  eden space 3072K, 0% used [0x00000000eab00000,0x00000000eab00000,0x00000000eae00000)
  from space 1024K, 91% used [0x00000000eaf00000,0x00000000eafe9c08,0x00000000eb000000)
  to   space 1024K, 0% used [0x00000000eae00000,0x00000000eae00000,0x00000000eaf00000)
 ParOldGen       total 293888K, used 293596K [0x00000000c0000000, 0x00000000d1f00000, 0x00000000eab00000)
  object space 293888K, 99% used [0x00000000c0000000,0x00000000d1eb7050,0x00000000d1f00000)
 Metaspace       used 56750K, committed 57984K, reserved 1114112K
  class space    used 5874K, committed 6400K, reserved 1048576K
}
Event: 14.448 GC heap before
{Heap before GC invocations=329 (full 2):
 PSYoungGen      total 4096K, used 4007K [0x00000000eab00000, 0x00000000eb000000, 0x0000000100000000)
  eden space 3072K, 100% used [0x00000000eab00000,0x00000000eae00000,0x00000000eae00000)
  from space 1024K, 91% used [0x00000000eaf00000,0x00000000eafe9c08,0x00000000eb000000)
  to   space 1024K, 0% used [0x00000000eae00000,0x00000000eae00000,0x00000000eaf00000)
 ParOldGen       total 293888K, used 293596K [0x00000000c0000000, 0x00000000d1f00000, 0x00000000eab00000)
  object space 293888K, 99% used [0x00000000c0000000,0x00000000d1eb7050,0x00000000d1f00000)
 Metaspace       used 56779K, committed 58048K, reserved 1114112K
  class space    used 5875K, committed 6400K, reserved 1048576K
}
Event: 14.450 GC heap after
{Heap after GC invocations=329 (full 2):
 PSYoungGen      total 4096K, used 677K [0x00000000eab00000, 0x00000000eb000000, 0x0000000100000000)
  eden space 3072K, 0% used [0x00000000eab00000,0x00000000eab00000,0x00000000eae00000)
  from space 1024K, 66% used [0x00000000eae00000,0x00000000eaea94b0,0x00000000eaf00000)
  to   space 1024K, 0% used [0x00000000eaf00000,0x00000000eaf00000,0x00000000eb000000)
 ParOldGen       total 294400K, used 294356K [0x00000000c0000000, 0x00000000d1f80000, 0x00000000eab00000)
  object space 294400K, 99% used [0x00000000c0000000,0x00000000d1f751f8,0x00000000d1f80000)
 Metaspace       used 56779K, committed 58048K, reserved 1114112K
  class space    used 5875K, committed 6400K, reserved 1048576K
}
Event: 14.467 GC heap before
{Heap before GC invocations=330 (full 2):
 PSYoungGen      total 4096K, used 3749K [0x00000000eab00000, 0x00000000eb000000, 0x0000000100000000)
  eden space 3072K, 100% used [0x00000000eab00000,0x00000000eae00000,0x00000000eae00000)
  from space 1024K, 66% used [0x00000000eae00000,0x00000000eaea94b0,0x00000000eaf00000)
  to   space 1024K, 0% used [0x00000000eaf00000,0x00000000eaf00000,0x00000000eb000000)
 ParOldGen       total 294400K, used 294356K [0x00000000c0000000, 0x00000000d1f80000, 0x00000000eab00000)
  object space 294400K, 99% used [0x00000000c0000000,0x00000000d1f751f8,0x00000000d1f80000)
 Metaspace       used 56823K, committed 58112K, reserved 1114112K
  class space    used 5875K, committed 6400K, reserved 1048576K
}
Event: 14.469 GC heap after
{Heap after GC invocations=330 (full 2):
 PSYoungGen      total 4096K, used 821K [0x00000000eab00000, 0x00000000eb000000, 0x0000000100000000)
  eden space 3072K, 0% used [0x00000000eab00000,0x00000000eab00000,0x00000000eae00000)
  from space 1024K, 80% used [0x00000000eaf00000,0x00000000eafcd4a0,0x00000000eb000000)
  to   space 1024K, 0% used [0x00000000eae00000,0x00000000eae00000,0x00000000eaf00000)
 ParOldGen       total 295424K, used 294975K [0x00000000c0000000, 0x00000000d2080000, 0x00000000eab00000)
  object space 295424K, 99% used [0x00000000c0000000,0x00000000d200feb0,0x00000000d2080000)
 Metaspace       used 56823K, committed 58112K, reserved 1114112K
  class space    used 5875K, committed 6400K, reserved 1048576K
}
Event: 14.487 GC heap before
{Heap before GC invocations=331 (full 2):
 PSYoungGen      total 4096K, used 3893K [0x00000000eab00000, 0x00000000eb000000, 0x0000000100000000)
  eden space 3072K, 100% used [0x00000000eab00000,0x00000000eae00000,0x00000000eae00000)
  from space 1024K, 80% used [0x00000000eaf00000,0x00000000eafcd4a0,0x00000000eb000000)
  to   space 1024K, 0% used [0x00000000eae00000,0x00000000eae00000,0x00000000eaf00000)
 ParOldGen       total 295424K, used 294975K [0x00000000c0000000, 0x00000000d2080000, 0x00000000eab00000)
  object space 295424K, 99% used [0x00000000c0000000,0x00000000d200feb0,0x00000000d2080000)
 Metaspace       used 56898K, committed 58176K, reserved 1114112K
  class space    used 5877K, committed 6400K, reserved 1048576K
}
Event: 14.489 GC heap after
{Heap after GC invocations=331 (full 2):
 PSYoungGen      total 4096K, used 720K [0x00000000eab00000, 0x00000000eb000000, 0x0000000100000000)
  eden space 3072K, 0% used [0x00000000eab00000,0x00000000eab00000,0x00000000eae00000)
  from space 1024K, 70% used [0x00000000eae00000,0x00000000eaeb42f8,0x00000000eaf00000)
  to   space 1024K, 0% used [0x00000000eaf00000,0x00000000eaf00000,0x00000000eb000000)
 ParOldGen       total 295936K, used 295668K [0x00000000c0000000, 0x00000000d2100000, 0x00000000eab00000)
  object space 295936K, 99% used [0x00000000c0000000,0x00000000d20bd378,0x00000000d2100000)
 Metaspace       used 56898K, committed 58176K, reserved 1114112K
  class space    used 5877K, committed 6400K, reserved 1048576K
}
Event: 14.504 GC heap before
{Heap before GC invocations=332 (full 2):
 PSYoungGen      total 4096K, used 3792K [0x00000000eab00000, 0x00000000eb000000, 0x0000000100000000)
  eden space 3072K, 100% used [0x00000000eab00000,0x00000000eae00000,0x00000000eae00000)
  from space 1024K, 70% used [0x00000000eae00000,0x00000000eaeb42f8,0x00000000eaf00000)
  to   space 1024K, 0% used [0x00000000eaf00000,0x00000000eaf00000,0x00000000eb000000)
 ParOldGen       total 295936K, used 295668K [0x00000000c0000000, 0x00000000d2100000, 0x00000000eab00000)
  object space 295936K, 99% used [0x00000000c0000000,0x00000000d20bd378,0x00000000d2100000)
 Metaspace       used 56937K, committed 58176K, reserved 1114112K
  class space    used 5879K, committed 6400K, reserved 1048576K
}
Event: 14.506 GC heap after
{Heap after GC invocations=332 (full 2):
 PSYoungGen      total 4096K, used 768K [0x00000000eab00000, 0x00000000eb000000, 0x0000000100000000)
  eden space 3072K, 0% used [0x00000000eab00000,0x00000000eab00000,0x00000000eae00000)
  from space 1024K, 75% used [0x00000000eaf00000,0x00000000eafc0000,0x00000000eb000000)
  to   space 1024K, 0% used [0x00000000eae00000,0x00000000eae00000,0x00000000eaf00000)
 ParOldGen       total 296448K, used 296303K [0x00000000c0000000, 0x00000000d2180000, 0x00000000eab00000)
  object space 296448K, 99% used [0x00000000c0000000,0x00000000d215bee8,0x00000000d2180000)
 Metaspace       used 56937K, committed 58176K, reserved 1114112K
  class space    used 5879K, committed 6400K, reserved 1048576K
}
Event: 14.522 GC heap before
{Heap before GC invocations=333 (full 2):
 PSYoungGen      total 4096K, used 3840K [0x00000000eab00000, 0x00000000eb000000, 0x0000000100000000)
  eden space 3072K, 100% used [0x00000000eab00000,0x00000000eae00000,0x00000000eae00000)
  from space 1024K, 75% used [0x00000000eaf00000,0x00000000eafc0000,0x00000000eb000000)
  to   space 1024K, 0% used [0x00000000eae00000,0x00000000eae00000,0x00000000eaf00000)
 ParOldGen       total 296448K, used 296303K [0x00000000c0000000, 0x00000000d2180000, 0x00000000eab00000)
  object space 296448K, 99% used [0x00000000c0000000,0x00000000d215bee8,0x00000000d2180000)
 Metaspace       used 56978K, committed 58240K, reserved 1114112K
  class space    used 5879K, committed 6400K, reserved 1048576K
}
Event: 14.525 GC heap after
{Heap after GC invocations=333 (full 2):
 PSYoungGen      total 4096K, used 784K [0x00000000eab00000, 0x00000000eb000000, 0x0000000100000000)
  eden space 3072K, 0% used [0x00000000eab00000,0x00000000eab00000,0x00000000eae00000)
  from space 1024K, 76% used [0x00000000eae00000,0x00000000eaec4310,0x00000000eaf00000)
  to   space 1024K, 0% used [0x00000000eaf00000,0x00000000eaf00000,0x00000000eb000000)
 ParOldGen       total 297472K, used 296989K [0x00000000c0000000, 0x00000000d2280000, 0x00000000eab00000)
  object space 297472K, 99% used [0x00000000c0000000,0x00000000d22076b0,0x00000000d2280000)
 Metaspace       used 56978K, committed 58240K, reserved 1114112K
  class space    used 5879K, committed 6400K, reserved 1048576K
}
Event: 14.540 GC heap before
{Heap before GC invocations=334 (full 2):
 PSYoungGen      total 4096K, used 3856K [0x00000000eab00000, 0x00000000eb000000, 0x0000000100000000)
  eden space 3072K, 100% used [0x00000000eab00000,0x00000000eae00000,0x00000000eae00000)
  from space 1024K, 76% used [0x00000000eae00000,0x00000000eaec4310,0x00000000eaf00000)
  to   space 1024K, 0% used [0x00000000eaf00000,0x00000000eaf00000,0x00000000eb000000)
 ParOldGen       total 297472K, used 296989K [0x00000000c0000000, 0x00000000d2280000, 0x00000000eab00000)
  object space 297472K, 99% used [0x00000000c0000000,0x00000000d22076b0,0x00000000d2280000)
 Metaspace       used 56992K, committed 58240K, reserved 1114112K
  class space    used 5879K, committed 6400K, reserved 1048576K
}
Event: 14.543 GC heap after
{Heap after GC invocations=334 (full 2):
 PSYoungGen      total 4096K, used 772K [0x00000000eab00000, 0x00000000eb000000, 0x0000000100000000)
  eden space 3072K, 0% used [0x00000000eab00000,0x00000000eab00000,0x00000000eae00000)
  from space 1024K, 75% used [0x00000000eaf00000,0x00000000eafc11e0,0x00000000eb000000)
  to   space 1024K, 0% used [0x00000000eae00000,0x00000000eae00000,0x00000000eaf00000)
 ParOldGen       total 297984K, used 297658K [0x00000000c0000000, 0x00000000d2300000, 0x00000000eab00000)
  object space 297984K, 99% used [0x00000000c0000000,0x00000000d22ae8e0,0x00000000d2300000)
 Metaspace       used 56992K, committed 58240K, reserved 1114112K
  class space    used 5879K, committed 6400K, reserved 1048576K
}
Event: 14.561 GC heap before
{Heap before GC invocations=335 (full 2):
 PSYoungGen      total 4096K, used 3844K [0x00000000eab00000, 0x00000000eb000000, 0x0000000100000000)
  eden space 3072K, 100% used [0x00000000eab00000,0x00000000eae00000,0x00000000eae00000)
  from space 1024K, 75% used [0x00000000eaf00000,0x00000000eafc11e0,0x00000000eb000000)
  to   space 1024K, 0% used [0x00000000eae00000,0x00000000eae00000,0x00000000eaf00000)
 ParOldGen       total 297984K, used 297658K [0x00000000c0000000, 0x00000000d2300000, 0x00000000eab00000)
  object space 297984K, 99% used [0x00000000c0000000,0x00000000d22ae8e0,0x00000000d2300000)
 Metaspace       used 57002K, committed 58240K, reserved 1114112K
  class space    used 5880K, committed 6400K, reserved 1048576K
}
Event: 14.563 GC heap after
{Heap after GC invocations=335 (full 2):
 PSYoungGen      total 4096K, used 832K [0x00000000eab00000, 0x00000000eb000000, 0x0000000100000000)
  eden space 3072K, 0% used [0x00000000eab00000,0x00000000eab00000,0x00000000eae00000)
  from space 1024K, 81% used [0x00000000eae00000,0x00000000eaed0010,0x00000000eaf00000)
  to   space 1024K, 0% used [0x00000000eaf00000,0x00000000eaf00000,0x00000000eb000000)
 ParOldGen       total 298496K, used 298337K [0x00000000c0000000, 0x00000000d2380000, 0x00000000eab00000)
  object space 298496K, 99% used [0x00000000c0000000,0x00000000d23587c0,0x00000000d2380000)
 Metaspace       used 57002K, committed 58240K, reserved 1114112K
  class space    used 5880K, committed 6400K, reserved 1048576K
}
Event: 14.578 GC heap before
{Heap before GC invocations=336 (full 2):
 PSYoungGen      total 4096K, used 3904K [0x00000000eab00000, 0x00000000eb000000, 0x0000000100000000)
  eden space 3072K, 100% used [0x00000000eab00000,0x00000000eae00000,0x00000000eae00000)
  from space 1024K, 81% used [0x00000000eae00000,0x00000000eaed0010,0x00000000eaf00000)
  to   space 1024K, 0% used [0x00000000eaf00000,0x00000000eaf00000,0x00000000eb000000)
 ParOldGen       total 298496K, used 298337K [0x00000000c0000000, 0x00000000d2380000, 0x00000000eab00000)
  object space 298496K, 99% used [0x00000000c0000000,0x00000000d23587c0,0x00000000d2380000)
 Metaspace       used 57012K, committed 58240K, reserved 1114112K
  class space    used 5881K, committed 6400K, reserved 1048576K
}

