# JRE version: OpenJDK Runtime Environment Temurin-21.0.5+11 (21.0.5+11) (build 21.0.5+11-LTS)
# Java VM: OpenJDK 64-Bit Server VM Temurin-21.0.5+11 (21.0.5+11-LTS, mixed mode, sharing, tiered, compressed oops, compressed class ptrs, parallel gc, windows-amd64)
GC Precious Log:
 CardTable entry size: 512
 CPUs: 8 total, 8 available
 Memory: 24410M
 Large Page Support: Disabled
 NUMA Support: Disabled
 Compressed Oops: Enabled (32-bit)
 Alignments: Space 512K, Generation 512K, Heap 2M
 Heap Min Capacity: 100M
 Heap Initial Capacity: 100M
 Heap Max Capacity: 1G
 Pre-touch: Disabled
 Parallel Workers: 8
Heap:
 PSYoungGen      total 3584K, used 3475K [0x00000000eab00000, 0x00000000eb000000, 0x0000000100000000)
  eden space 2560K, 100% used [0x00000000eab00000,0x00000000ead80000,0x00000000ead80000)
  from space 1024K, 89% used [0x00000000ead80000,0x00000000eae64c78,0x00000000eae80000)
  to   space 1024K, 78% used [0x00000000eaf00000,0x00000000eafc7c98,0x00000000eb000000)
 ParOldGen       total 309248K, used 308887K [0x00000000c0000000, 0x00000000d2e00000, 0x00000000eab00000)
  object space 309248K, 99% used [0x00000000c0000000,0x00000000d2da5e08,0x00000000d2e00000)
 Metaspace       used 58171K, committed 59456K, reserved 1114112K
  class space    used 5919K, committed 6464K, reserved 1048576K
GC Heap History (20 events):
Event: 17.195 GC heap after
{Heap after GC invocations=345 (full 2):
 PSYoungGen      total 3072K, used 608K [0x00000000eab00000, 0x00000000eaf00000, 0x0000000100000000)
  eden space 2048K, 0% used [0x00000000eab00000,0x00000000eab00000,0x00000000ead00000)
  from space 1024K, 59% used [0x00000000ead00000,0x00000000ead98000,0x00000000eae00000)
  to   space 1024K, 0% used [0x00000000eae00000,0x00000000eae00000,0x00000000eaf00000)
 ParOldGen       total 303616K, used 303457K [0x00000000c0000000, 0x00000000d2880000, 0x00000000eab00000)
  object space 303616K, 99% used [0x00000000c0000000,0x00000000d2858590,0x00000000d2880000)
 Metaspace       used 58171K, committed 59456K, reserved 1114112K
  class space    used 5919K, committed 6464K, reserved 1048576K
}
Event: 17.207 GC heap before
{Heap before GC invocations=346 (full 2):
 PSYoungGen      total 3072K, used 2656K [0x00000000eab00000, 0x00000000eaf00000, 0x0000000100000000)
  eden space 2048K, 100% used [0x00000000eab00000,0x00000000ead00000,0x00000000ead00000)
  from space 1024K, 59% used [0x00000000ead00000,0x00000000ead98000,0x00000000eae00000)
  to   space 1024K, 0% used [0x00000000eae00000,0x00000000eae00000,0x00000000eaf00000)
 ParOldGen       total 303616K, used 303457K [0x00000000c0000000, 0x00000000d2880000, 0x00000000eab00000)
  object space 303616K, 99% used [0x00000000c0000000,0x00000000d2858590,0x00000000d2880000)
 Metaspace       used 58171K, committed 59456K, reserved 1114112K
  class space    used 5919K, committed 6464K, reserved 1048576K
}
Event: 17.209 GC heap after
{Heap after GC invocations=346 (full 2):
 PSYoungGen      total 3072K, used 608K [0x00000000eab00000, 0x00000000eaf00000, 0x0000000100000000)
  eden space 2048K, 0% used [0x00000000eab00000,0x00000000eab00000,0x00000000ead00000)
  from space 1024K, 59% used [0x00000000eae00000,0x00000000eae98000,0x00000000eaf00000)
  to   space 1024K, 0% used [0x00000000ead00000,0x00000000ead00000,0x00000000eae00000)
 ParOldGen       total 304128K, used 303938K [0x00000000c0000000, 0x00000000d2900000, 0x00000000eab00000)
  object space 304128K, 99% used [0x00000000c0000000,0x00000000d28d0b70,0x00000000d2900000)
 Metaspace       used 58171K, committed 59456K, reserved 1114112K
  class space    used 5919K, committed 6464K, reserved 1048576K
}
Event: 17.221 GC heap before
{Heap before GC invocations=347 (full 2):
 PSYoungGen      total 3072K, used 2656K [0x00000000eab00000, 0x00000000eaf00000, 0x0000000100000000)
  eden space 2048K, 100% used [0x00000000eab00000,0x00000000ead00000,0x00000000ead00000)
  from space 1024K, 59% used [0x00000000eae00000,0x00000000eae98000,0x00000000eaf00000)
  to   space 1024K, 0% used [0x00000000ead00000,0x00000000ead00000,0x00000000eae00000)
 ParOldGen       total 304128K, used 303938K [0x00000000c0000000, 0x00000000d2900000, 0x00000000eab00000)
  object space 304128K, 99% used [0x00000000c0000000,0x00000000d28d0b70,0x00000000d2900000)
 Metaspace       used 58171K, committed 59456K, reserved 1114112K
  class space    used 5919K, committed 6464K, reserved 1048576K
}
Event: 17.222 GC heap after
{Heap after GC invocations=347 (full 2):
 PSYoungGen      total 3072K, used 608K [0x00000000eab00000, 0x00000000eaf00000, 0x0000000100000000)
  eden space 2048K, 0% used [0x00000000eab00000,0x00000000eab00000,0x00000000ead00000)
  from space 1024K, 59% used [0x00000000ead00000,0x00000000ead98000,0x00000000eae00000)
  to   space 1024K, 0% used [0x00000000eae00000,0x00000000eae00000,0x00000000eaf00000)
 ParOldGen       total 304640K, used 304417K [0x00000000c0000000, 0x00000000d2980000, 0x00000000eab00000)
  object space 304640K, 99% used [0x00000000c0000000,0x00000000d29485a0,0x00000000d2980000)
 Metaspace       used 58171K, committed 59456K, reserved 1114112K
  class space    used 5919K, committed 6464K, reserved 1048576K
}
Event: 17.238 GC heap before
{Heap before GC invocations=348 (full 2):
 PSYoungGen      total 3072K, used 2656K [0x00000000eab00000, 0x00000000eaf00000, 0x0000000100000000)
  eden space 2048K, 100% used [0x00000000eab00000,0x00000000ead00000,0x00000000ead00000)
  from space 1024K, 59% used [0x00000000ead00000,0x00000000ead98000,0x00000000eae00000)
  to   space 1024K, 0% used [0x00000000eae00000,0x00000000eae00000,0x00000000eaf00000)
 ParOldGen       total 304640K, used 304417K [0x00000000c0000000, 0x00000000d2980000, 0x00000000eab00000)
  object space 304640K, 99% used [0x00000000c0000000,0x00000000d29485a0,0x00000000d2980000)
 Metaspace       used 58171K, committed 59456K, reserved 1114112K
  class space    used 5919K, committed 6464K, reserved 1048576K
}
Event: 17.239 GC heap after
{Heap after GC invocations=348 (full 2):
 PSYoungGen      total 3072K, used 928K [0x00000000eab00000, 0x00000000eaf00000, 0x0000000100000000)
  eden space 2048K, 0% used [0x00000000eab00000,0x00000000eab00000,0x00000000ead00000)
  from space 1024K, 90% used [0x00000000eae00000,0x00000000eaee8010,0x00000000eaf00000)
  to   space 1024K, 0% used [0x00000000ead00000,0x00000000ead00000,0x00000000eae00000)
 ParOldGen       total 305152K, used 304893K [0x00000000c0000000, 0x00000000d2a00000, 0x00000000eab00000)
  object space 305152K, 99% used [0x00000000c0000000,0x00000000d29bf530,0x00000000d2a00000)
 Metaspace       used 58171K, committed 59456K, reserved 1114112K
  class space    used 5919K, committed 6464K, reserved 1048576K
}
Event: 17.245 GC heap before
{Heap before GC invocations=349 (full 2):
 PSYoungGen      total 3072K, used 2976K [0x00000000eab00000, 0x00000000eaf00000, 0x0000000100000000)
  eden space 2048K, 100% used [0x00000000eab00000,0x00000000ead00000,0x00000000ead00000)
  from space 1024K, 90% used [0x00000000eae00000,0x00000000eaee8010,0x00000000eaf00000)
  to   space 1024K, 0% used [0x00000000ead00000,0x00000000ead00000,0x00000000eae00000)
 ParOldGen       total 305152K, used 304893K [0x00000000c0000000, 0x00000000d2a00000, 0x00000000eab00000)
  object space 305152K, 99% used [0x00000000c0000000,0x00000000d29bf530,0x00000000d2a00000)
 Metaspace       used 58171K, committed 59456K, reserved 1114112K
  class space    used 5919K, committed 6464K, reserved 1048576K
}
Event: 17.249 GC heap after
{Heap after GC invocations=349 (full 2):
 PSYoungGen      total 3072K, used 724K [0x00000000eab00000, 0x00000000eaf00000, 0x0000000100000000)
  eden space 2048K, 0% used [0x00000000eab00000,0x00000000eab00000,0x00000000ead00000)
  from space 1024K, 70% used [0x00000000ead00000,0x00000000eadb51e0,0x00000000eae00000)
  to   space 1024K, 0% used [0x00000000eae00000,0x00000000eae00000,0x00000000eaf00000)
 ParOldGen       total 306176K, used 305695K [0x00000000c0000000, 0x00000000d2b00000, 0x00000000eab00000)
  object space 306176K, 99% used [0x00000000c0000000,0x00000000d2a87d60,0x00000000d2b00000)
 Metaspace       used 58171K, committed 59456K, reserved 1114112K
  class space    used 5919K, committed 6464K, reserved 1048576K
}
Event: 17.254 GC heap before
{Heap before GC invocations=350 (full 2):
 PSYoungGen      total 3072K, used 2772K [0x00000000eab00000, 0x00000000eaf00000, 0x0000000100000000)
  eden space 2048K, 99% used [0x00000000eab00000,0x00000000eacffff0,0x00000000ead00000)
  from space 1024K, 70% used [0x00000000ead00000,0x00000000eadb51e0,0x00000000eae00000)
  to   space 1024K, 0% used [0x00000000eae00000,0x00000000eae00000,0x00000000eaf00000)
 ParOldGen       total 306176K, used 305695K [0x00000000c0000000, 0x00000000d2b00000, 0x00000000eab00000)
  object space 306176K, 99% used [0x00000000c0000000,0x00000000d2a87d60,0x00000000d2b00000)
 Metaspace       used 58171K, committed 59456K, reserved 1114112K
  class space    used 5919K, committed 6464K, reserved 1048576K
}
Event: 17.256 GC heap after
{Heap after GC invocations=350 (full 2):
 PSYoungGen      total 3072K, used 704K [0x00000000eab00000, 0x00000000eaf80000, 0x0000000100000000)
  eden space 2048K, 0% used [0x00000000eab00000,0x00000000eab00000,0x00000000ead00000)
  from space 1024K, 68% used [0x00000000eae00000,0x00000000eaeb0000,0x00000000eaf00000)
  to   space 1024K, 0% used [0x00000000ead00000,0x00000000ead00000,0x00000000eae00000)
 ParOldGen       total 306688K, used 306319K [0x00000000c0000000, 0x00000000d2b80000, 0x00000000eab00000)
  object space 306688K, 99% used [0x00000000c0000000,0x00000000d2b23d10,0x00000000d2b80000)
 Metaspace       used 58171K, committed 59456K, reserved 1114112K
  class space    used 5919K, committed 6464K, reserved 1048576K
}
Event: 17.262 GC heap before
{Heap before GC invocations=351 (full 2):
 PSYoungGen      total 3072K, used 2752K [0x00000000eab00000, 0x00000000eaf80000, 0x0000000100000000)
  eden space 2048K, 100% used [0x00000000eab00000,0x00000000ead00000,0x00000000ead00000)
  from space 1024K, 68% used [0x00000000eae00000,0x00000000eaeb0000,0x00000000eaf00000)
  to   space 1024K, 0% used [0x00000000ead00000,0x00000000ead00000,0x00000000eae00000)
 ParOldGen       total 306688K, used 306319K [0x00000000c0000000, 0x00000000d2b80000, 0x00000000eab00000)
  object space 306688K, 99% used [0x00000000c0000000,0x00000000d2b23d10,0x00000000d2b80000)
 Metaspace       used 58171K, committed 59456K, reserved 1114112K
  class space    used 5919K, committed 6464K, reserved 1048576K
}
Event: 17.264 GC heap after
{Heap after GC invocations=351 (full 2):
 PSYoungGen      total 3072K, used 768K [0x00000000eab00000, 0x00000000eaf80000, 0x0000000100000000)
  eden space 2048K, 0% used [0x00000000eab00000,0x00000000eab00000,0x00000000ead00000)
  from space 1024K, 75% used [0x00000000ead00000,0x00000000eadc0000,0x00000000eae00000)
  to   space 1024K, 0% used [0x00000000eae80000,0x00000000eae80000,0x00000000eaf80000)
 ParOldGen       total 307200K, used 306911K [0x00000000c0000000, 0x00000000d2c00000, 0x00000000eab00000)
  object space 307200K, 99% used [0x00000000c0000000,0x00000000d2bb7ef0,0x00000000d2c00000)
 Metaspace       used 58171K, committed 59456K, reserved 1114112K
  class space    used 5919K, committed 6464K, reserved 1048576K
}
Event: 17.269 GC heap before
{Heap before GC invocations=352 (full 2):
 PSYoungGen      total 3072K, used 2816K [0x00000000eab00000, 0x00000000eaf80000, 0x0000000100000000)
  eden space 2048K, 100% used [0x00000000eab00000,0x00000000ead00000,0x00000000ead00000)
  from space 1024K, 75% used [0x00000000ead00000,0x00000000eadc0000,0x00000000eae00000)
  to   space 1024K, 0% used [0x00000000eae80000,0x00000000eae80000,0x00000000eaf80000)
 ParOldGen       total 307200K, used 306911K [0x00000000c0000000, 0x00000000d2c00000, 0x00000000eab00000)
  object space 307200K, 99% used [0x00000000c0000000,0x00000000d2bb7ef0,0x00000000d2c00000)
 Metaspace       used 58171K, committed 59456K, reserved 1114112K
  class space    used 5919K, committed 6464K, reserved 1048576K
}
Event: 17.270 GC heap after
{Heap after GC invocations=352 (full 2):
 PSYoungGen      total 3584K, used 768K [0x00000000eab00000, 0x00000000eaf80000, 0x0000000100000000)
  eden space 2560K, 0% used [0x00000000eab00000,0x00000000eab00000,0x00000000ead80000)
  from space 1024K, 75% used [0x00000000eae80000,0x00000000eaf40000,0x00000000eaf80000)
  to   space 1024K, 0% used [0x00000000ead80000,0x00000000ead80000,0x00000000eae80000)
 ParOldGen       total 307712K, used 307536K [0x00000000c0000000, 0x00000000d2c80000, 0x00000000eab00000)
  object space 307712K, 99% used [0x00000000c0000000,0x00000000d2c54350,0x00000000d2c80000)
 Metaspace       used 58171K, committed 59456K, reserved 1114112K
  class space    used 5919K, committed 6464K, reserved 1048576K
}
Event: 17.276 GC heap before
{Heap before GC invocations=353 (full 2):
 PSYoungGen      total 3584K, used 3328K [0x00000000eab00000, 0x00000000eaf80000, 0x0000000100000000)
  eden space 2560K, 100% used [0x00000000eab00000,0x00000000ead80000,0x00000000ead80000)
  from space 1024K, 75% used [0x00000000eae80000,0x00000000eaf40000,0x00000000eaf80000)
  to   space 1024K, 0% used [0x00000000ead80000,0x00000000ead80000,0x00000000eae80000)
 ParOldGen       total 307712K, used 307536K [0x00000000c0000000, 0x00000000d2c80000, 0x00000000eab00000)
  object space 307712K, 99% used [0x00000000c0000000,0x00000000d2c54350,0x00000000d2c80000)
 Metaspace       used 58171K, committed 59456K, reserved 1114112K
  class space    used 5919K, committed 6464K, reserved 1048576K
}
Event: 17.279 GC heap after
{Heap after GC invocations=353 (full 2):
 PSYoungGen      total 3584K, used 915K [0x00000000eab00000, 0x00000000eb000000, 0x0000000100000000)
  eden space 2560K, 0% used [0x00000000eab00000,0x00000000eab00000,0x00000000ead80000)
  from space 1024K, 89% used [0x00000000ead80000,0x00000000eae64c78,0x00000000eae80000)
  to   space 1024K, 0% used [0x00000000eaf00000,0x00000000eaf00000,0x00000000eb000000)
 ParOldGen       total 308224K, used 308162K [0x00000000c0000000, 0x00000000d2d00000, 0x00000000eab00000)
  object space 308224K, 99% used [0x00000000c0000000,0x00000000d2cf0808,0x00000000d2d00000)
 Metaspace       used 58171K, committed 59456K, reserved 1114112K
  class space    used 5919K, committed 6464K, reserved 1048576K
}
Event: 17.286 GC heap before
{Heap before GC invocations=354 (full 2):
 PSYoungGen      total 3584K, used 3475K [0x00000000eab00000, 0x00000000eb000000, 0x0000000100000000)
  eden space 2560K, 100% used [0x00000000eab00000,0x00000000ead80000,0x00000000ead80000)
  from space 1024K, 89% used [0x00000000ead80000,0x00000000eae64c78,0x00000000eae80000)
  to   space 1024K, 0% used [0x00000000eaf00000,0x00000000eaf00000,0x00000000eb000000)
 ParOldGen       total 308224K, used 308162K [0x00000000c0000000, 0x00000000d2d00000, 0x00000000eab00000)
  object space 308224K, 99% used [0x00000000c0000000,0x00000000d2cf0808,0x00000000d2d00000)
 Metaspace       used 58171K, committed 59456K, reserved 1114112K
  class space    used 5919K, committed 6464K, reserved 1048576K
}
Event: 17.288 GC heap after
{Heap after GC invocations=354 (full 2):
 PSYoungGen      total 3584K, used 3475K [0x00000000eab00000, 0x00000000eb000000, 0x0000000100000000)
  eden space 2560K, 100% used [0x00000000eab00000,0x00000000ead80000,0x00000000ead80000)
  from space 1024K, 89% used [0x00000000ead80000,0x00000000eae64c78,0x00000000eae80000)
  to   space 1024K, 78% used [0x00000000eaf00000,0x00000000eafc7c98,0x00000000eb000000)
 ParOldGen       total 309248K, used 308887K [0x00000000c0000000, 0x00000000d2e00000, 0x00000000eab00000)
  object space 309248K, 99% used [0x00000000c0000000,0x00000000d2da5e08,0x00000000d2e00000)
 Metaspace       used 58171K, committed 59456K, reserved 1114112K
  class space    used 5919K, committed 6464K, reserved 1048576K
}
Event: 17.288 GC heap before
{Heap before GC invocations=355 (full 3):
 PSYoungGen      total 3584K, used 3475K [0x00000000eab00000, 0x00000000eb000000, 0x0000000100000000)
  eden space 2560K, 100% used [0x00000000eab00000,0x00000000ead80000,0x00000000ead80000)
  from space 1024K, 89% used [0x00000000ead80000,0x00000000eae64c78,0x00000000eae80000)
  to   space 1024K, 78% used [0x00000000eaf00000,0x00000000eafc7c98,0x00000000eb000000)
 ParOldGen       total 309248K, used 308887K [0x00000000c0000000, 0x00000000d2e00000, 0x00000000eab00000)
  object space 309248K, 99% used [0x00000000c0000000,0x00000000d2da5e08,0x00000000d2e00000)
 Metaspace       used 58171K, committed 59456K, reserved 1114112K
  class space    used 5919K, committed 6464K, reserved 1048576K
}

