# JRE version: OpenJDK Runtime Environment Temurin-21.0.5+11 (21.0.5+11) (build 21.0.5+11-LTS)
# Java VM: OpenJDK 64-Bit Server VM Temurin-21.0.5+11 (21.0.5+11-LTS, mixed mode, sharing, tiered, compressed oops, compressed class ptrs, parallel gc, windows-amd64)
GC Precious Log:
 CardTable entry size: 512
 CPUs: 8 total, 8 available
 Memory: 24410M
 Large Page Support: Disabled
 NUMA Support: Disabled
 Compressed Oops: Enabled (32-bit)
 Alignments: Space 512K, Generation 512K, Heap 2M
 Heap Min Capacity: 100M
 Heap Initial Capacity: 100M
 Heap Max Capacity: 1G
 Pre-touch: Disabled
 Parallel Workers: 8
Heap:
 PSYoungGen      total 3584K, used 3584K [0x00000000eab00000, 0x00000000eaf80000, 0x0000000100000000)
  eden space 2560K, 100% used [0x00000000eab00000,0x00000000ead80000,0x00000000ead80000)
  from space 1024K, 100% used [0x00000000eae00000,0x00000000eaf00000,0x00000000eaf00000)
  to   space 512K, 100% used [0x00000000eaf00000,0x00000000eaf80000,0x00000000eaf80000)
 ParOldGen       total 621568K, used 621172K [0x00000000c0000000, 0x00000000e5f00000, 0x00000000eab00000)
  object space 621568K, 99% used [0x00000000c0000000,0x00000000e5e9d320,0x00000000e5f00000)
 Metaspace       used 58252K, committed 59456K, reserved 1114112K
  class space    used 5944K, committed 6464K, reserved 1048576K
GC Heap History (20 events):
Event: 29.121 GC heap after
{Heap after GC invocations=1106 (full 2):
 PSYoungGen      total 3072K, used 416K [0x00000000eab00000, 0x00000000eaf00000, 0x0000000100000000)
  eden space 2560K, 0% used [0x00000000eab00000,0x00000000eab00000,0x00000000ead80000)
  from space 512K, 81% used [0x00000000eae80000,0x00000000eaee8000,0x00000000eaf00000)
  to   space 512K, 0% used [0x00000000eae00000,0x00000000eae00000,0x00000000eae80000)
 ParOldGen       total 611328K, used 611202K [0x00000000c0000000, 0x00000000e5500000, 0x00000000eab00000)
  object space 611328K, 99% used [0x00000000c0000000,0x00000000e54e0930,0x00000000e5500000)
 Metaspace       used 58157K, committed 59392K, reserved 1114112K
  class space    used 5931K, committed 6464K, reserved 1048576K
}
Event: 29.130 GC heap before
{Heap before GC invocations=1107 (full 2):
 PSYoungGen      total 3072K, used 2976K [0x00000000eab00000, 0x00000000eaf00000, 0x0000000100000000)
  eden space 2560K, 100% used [0x00000000eab00000,0x00000000ead80000,0x00000000ead80000)
  from space 512K, 81% used [0x00000000eae80000,0x00000000eaee8000,0x00000000eaf00000)
  to   space 512K, 0% used [0x00000000eae00000,0x00000000eae00000,0x00000000eae80000)
 ParOldGen       total 611328K, used 611202K [0x00000000c0000000, 0x00000000e5500000, 0x00000000eab00000)
  object space 611328K, 99% used [0x00000000c0000000,0x00000000e54e0930,0x00000000e5500000)
 Metaspace       used 58157K, committed 59392K, reserved 1114112K
  class space    used 5931K, committed 6464K, reserved 1048576K
}
Event: 29.132 GC heap after
{Heap after GC invocations=1107 (full 2):
 PSYoungGen      total 3072K, used 448K [0x00000000eab00000, 0x00000000eaf00000, 0x0000000100000000)
  eden space 2560K, 0% used [0x00000000eab00000,0x00000000eab00000,0x00000000ead80000)
  from space 512K, 87% used [0x00000000eae00000,0x00000000eae70000,0x00000000eae80000)
  to   space 512K, 0% used [0x00000000eae80000,0x00000000eae80000,0x00000000eaf00000)
 ParOldGen       total 611840K, used 611538K [0x00000000c0000000, 0x00000000e5580000, 0x00000000eab00000)
  object space 611840K, 99% used [0x00000000c0000000,0x00000000e5534930,0x00000000e5580000)
 Metaspace       used 58157K, committed 59392K, reserved 1114112K
  class space    used 5931K, committed 6464K, reserved 1048576K
}
Event: 29.139 GC heap before
{Heap before GC invocations=1108 (full 2):
 PSYoungGen      total 3072K, used 3008K [0x00000000eab00000, 0x00000000eaf00000, 0x0000000100000000)
  eden space 2560K, 100% used [0x00000000eab00000,0x00000000ead80000,0x00000000ead80000)
  from space 512K, 87% used [0x00000000eae00000,0x00000000eae70000,0x00000000eae80000)
  to   space 512K, 0% used [0x00000000eae80000,0x00000000eae80000,0x00000000eaf00000)
 ParOldGen       total 611840K, used 611538K [0x00000000c0000000, 0x00000000e5580000, 0x00000000eab00000)
  object space 611840K, 99% used [0x00000000c0000000,0x00000000e5534930,0x00000000e5580000)
 Metaspace       used 58157K, committed 59392K, reserved 1114112K
  class space    used 5931K, committed 6464K, reserved 1048576K
}
Event: 29.140 GC heap after
{Heap after GC invocations=1108 (full 2):
 PSYoungGen      total 3072K, used 384K [0x00000000eab00000, 0x00000000eaf00000, 0x0000000100000000)
  eden space 2560K, 0% used [0x00000000eab00000,0x00000000eab00000,0x00000000ead80000)
  from space 512K, 75% used [0x00000000eae80000,0x00000000eaee0000,0x00000000eaf00000)
  to   space 512K, 0% used [0x00000000eae00000,0x00000000eae00000,0x00000000eae80000)
 ParOldGen       total 612352K, used 611866K [0x00000000c0000000, 0x00000000e5600000, 0x00000000eab00000)
  object space 612352K, 99% used [0x00000000c0000000,0x00000000e5586930,0x00000000e5600000)
 Metaspace       used 58157K, committed 59392K, reserved 1114112K
  class space    used 5931K, committed 6464K, reserved 1048576K
}
Event: 29.153 GC heap before
{Heap before GC invocations=1109 (full 2):
 PSYoungGen      total 3072K, used 2944K [0x00000000eab00000, 0x00000000eaf00000, 0x0000000100000000)
  eden space 2560K, 100% used [0x00000000eab00000,0x00000000ead80000,0x00000000ead80000)
  from space 512K, 75% used [0x00000000eae80000,0x00000000eaee0000,0x00000000eaf00000)
  to   space 512K, 0% used [0x00000000eae00000,0x00000000eae00000,0x00000000eae80000)
 ParOldGen       total 612352K, used 611866K [0x00000000c0000000, 0x00000000e5600000, 0x00000000eab00000)
  object space 612352K, 99% used [0x00000000c0000000,0x00000000e5586930,0x00000000e5600000)
 Metaspace       used 58157K, committed 59392K, reserved 1114112K
  class space    used 5931K, committed 6464K, reserved 1048576K
}
Event: 29.154 GC heap after
{Heap after GC invocations=1109 (full 2):
 PSYoungGen      total 3072K, used 490K [0x00000000eab00000, 0x00000000eb080000, 0x0000000100000000)
  eden space 2560K, 0% used [0x00000000eab00000,0x00000000eab00000,0x00000000ead80000)
  from space 512K, 95% used [0x00000000eae00000,0x00000000eae7a800,0x00000000eae80000)
  to   space 1536K, 0% used [0x00000000eaf00000,0x00000000eaf00000,0x00000000eb080000)
 ParOldGen       total 612864K, used 612415K [0x00000000c0000000, 0x00000000e5680000, 0x00000000eab00000)
  object space 612864K, 99% used [0x00000000c0000000,0x00000000e560ff30,0x00000000e5680000)
 Metaspace       used 58157K, committed 59392K, reserved 1114112K
  class space    used 5931K, committed 6464K, reserved 1048576K
}
Event: 29.252 GC heap before
{Heap before GC invocations=1110 (full 2):
 PSYoungGen      total 3072K, used 3050K [0x00000000eab00000, 0x00000000eb080000, 0x0000000100000000)
  eden space 2560K, 100% used [0x00000000eab00000,0x00000000ead80000,0x00000000ead80000)
  from space 512K, 95% used [0x00000000eae00000,0x00000000eae7a800,0x00000000eae80000)
  to   space 1536K, 0% used [0x00000000eaf00000,0x00000000eaf00000,0x00000000eb080000)
 ParOldGen       total 612864K, used 612415K [0x00000000c0000000, 0x00000000e5680000, 0x00000000eab00000)
  object space 612864K, 99% used [0x00000000c0000000,0x00000000e560ff30,0x00000000e5680000)
 Metaspace       used 58241K, committed 59456K, reserved 1114112K
  class space    used 5944K, committed 6464K, reserved 1048576K
}
Event: 29.254 GC heap after
{Heap after GC invocations=1110 (full 2):
 PSYoungGen      total 3584K, used 656K [0x00000000eab00000, 0x00000000eb000000, 0x0000000100000000)
  eden space 2560K, 0% used [0x00000000eab00000,0x00000000eab00000,0x00000000ead80000)
  from space 1024K, 64% used [0x00000000eaf00000,0x00000000eafa41d8,0x00000000eb000000)
  to   space 1024K, 0% used [0x00000000eae00000,0x00000000eae00000,0x00000000eaf00000)
 ParOldGen       total 612864K, used 612615K [0x00000000c0000000, 0x00000000e5680000, 0x00000000eab00000)
  object space 612864K, 99% used [0x00000000c0000000,0x00000000e5641f30,0x00000000e5680000)
 Metaspace       used 58241K, committed 59456K, reserved 1114112K
  class space    used 5944K, committed 6464K, reserved 1048576K
}
Event: 29.263 GC heap before
{Heap before GC invocations=1111 (full 2):
 PSYoungGen      total 3584K, used 3216K [0x00000000eab00000, 0x00000000eb000000, 0x0000000100000000)
  eden space 2560K, 100% used [0x00000000eab00000,0x00000000ead80000,0x00000000ead80000)
  from space 1024K, 64% used [0x00000000eaf00000,0x00000000eafa41d8,0x00000000eb000000)
  to   space 1024K, 0% used [0x00000000eae00000,0x00000000eae00000,0x00000000eaf00000)
 ParOldGen       total 612864K, used 612615K [0x00000000c0000000, 0x00000000e5680000, 0x00000000eab00000)
  object space 612864K, 99% used [0x00000000c0000000,0x00000000e5641f30,0x00000000e5680000)
 Metaspace       used 58241K, committed 59456K, reserved 1114112K
  class space    used 5944K, committed 6464K, reserved 1048576K
}
Event: 29.265 GC heap after
{Heap after GC invocations=1111 (full 2):
 PSYoungGen      total 3584K, used 992K [0x00000000eab00000, 0x00000000eb080000, 0x0000000100000000)
  eden space 2560K, 0% used [0x00000000eab00000,0x00000000eab00000,0x00000000ead80000)
  from space 1024K, 96% used [0x00000000eae00000,0x00000000eaef8000,0x00000000eaf00000)
  to   space 1536K, 0% used [0x00000000eaf00000,0x00000000eaf00000,0x00000000eb080000)
 ParOldGen       total 613376K, used 613152K [0x00000000c0000000, 0x00000000e5700000, 0x00000000eab00000)
  object space 613376K, 99% used [0x00000000c0000000,0x00000000e56c82c0,0x00000000e5700000)
 Metaspace       used 58241K, committed 59456K, reserved 1114112K
  class space    used 5944K, committed 6464K, reserved 1048576K
}
Event: 29.271 GC heap before
{Heap before GC invocations=1112 (full 2):
 PSYoungGen      total 3584K, used 3552K [0x00000000eab00000, 0x00000000eb080000, 0x0000000100000000)
  eden space 2560K, 100% used [0x00000000eab00000,0x00000000ead80000,0x00000000ead80000)
  from space 1024K, 96% used [0x00000000eae00000,0x00000000eaef8000,0x00000000eaf00000)
  to   space 1536K, 0% used [0x00000000eaf00000,0x00000000eaf00000,0x00000000eb080000)
 ParOldGen       total 613376K, used 613152K [0x00000000c0000000, 0x00000000e5700000, 0x00000000eab00000)
  object space 613376K, 99% used [0x00000000c0000000,0x00000000e56c82c0,0x00000000e5700000)
 Metaspace       used 58243K, committed 59456K, reserved 1114112K
  class space    used 5944K, committed 6464K, reserved 1048576K
}
Event: 29.273 GC heap after
{Heap after GC invocations=1112 (full 2):
 PSYoungGen      total 3584K, used 960K [0x00000000eab00000, 0x00000000eb000000, 0x0000000100000000)
  eden space 2560K, 0% used [0x00000000eab00000,0x00000000eab00000,0x00000000ead80000)
  from space 1024K, 93% used [0x00000000eaf00000,0x00000000eaff0000,0x00000000eb000000)
  to   space 1024K, 0% used [0x00000000eae00000,0x00000000eae00000,0x00000000eaf00000)
 ParOldGen       total 614400K, used 614000K [0x00000000c0000000, 0x00000000e5800000, 0x00000000eab00000)
  object space 614400K, 99% used [0x00000000c0000000,0x00000000e579c2c0,0x00000000e5800000)
 Metaspace       used 58243K, committed 59456K, reserved 1114112K
  class space    used 5944K, committed 6464K, reserved 1048576K
}
Event: 29.279 GC heap before
{Heap before GC invocations=1113 (full 2):
 PSYoungGen      total 3584K, used 3520K [0x00000000eab00000, 0x00000000eb000000, 0x0000000100000000)
  eden space 2560K, 100% used [0x00000000eab00000,0x00000000ead80000,0x00000000ead80000)
  from space 1024K, 93% used [0x00000000eaf00000,0x00000000eaff0000,0x00000000eb000000)
  to   space 1024K, 0% used [0x00000000eae00000,0x00000000eae00000,0x00000000eaf00000)
 ParOldGen       total 614400K, used 614000K [0x00000000c0000000, 0x00000000e5800000, 0x00000000eab00000)
  object space 614400K, 99% used [0x00000000c0000000,0x00000000e579c2c0,0x00000000e5800000)
 Metaspace       used 58243K, committed 59456K, reserved 1114112K
  class space    used 5944K, committed 6464K, reserved 1048576K
}
Event: 29.281 GC heap after
{Heap after GC invocations=1113 (full 2):
 PSYoungGen      total 3584K, used 928K [0x00000000eab00000, 0x00000000eaf80000, 0x0000000100000000)
  eden space 2560K, 0% used [0x00000000eab00000,0x00000000eab00000,0x00000000ead80000)
  from space 1024K, 90% used [0x00000000eae00000,0x00000000eaee8000,0x00000000eaf00000)
  to   space 512K, 0% used [0x00000000eaf00000,0x00000000eaf00000,0x00000000eaf80000)
 ParOldGen       total 614912K, used 614864K [0x00000000c0000000, 0x00000000e5880000, 0x00000000eab00000)
  object space 614912K, 99% used [0x00000000c0000000,0x00000000e58742c0,0x00000000e5880000)
 Metaspace       used 58243K, committed 59456K, reserved 1114112K
  class space    used 5944K, committed 6464K, reserved 1048576K
}
Event: 29.292 GC heap before
{Heap before GC invocations=1114 (full 2):
 PSYoungGen      total 3584K, used 3488K [0x00000000eab00000, 0x00000000eaf80000, 0x0000000100000000)
  eden space 2560K, 100% used [0x00000000eab00000,0x00000000ead80000,0x00000000ead80000)
  from space 1024K, 90% used [0x00000000eae00000,0x00000000eaee8000,0x00000000eaf00000)
  to   space 512K, 0% used [0x00000000eaf00000,0x00000000eaf00000,0x00000000eaf80000)
 ParOldGen       total 614912K, used 614864K [0x00000000c0000000, 0x00000000e5880000, 0x00000000eab00000)
  object space 614912K, 99% used [0x00000000c0000000,0x00000000e58742c0,0x00000000e5880000)
 Metaspace       used 58246K, committed 59456K, reserved 1114112K
  class space    used 5944K, committed 6464K, reserved 1048576K
}
Event: 29.295 GC heap after
{Heap after GC invocations=1114 (full 2):
 PSYoungGen      total 3072K, used 482K [0x00000000eab00000, 0x00000000eaf80000, 0x0000000100000000)
  eden space 2560K, 0% used [0x00000000eab00000,0x00000000eab00000,0x00000000ead80000)
  from space 512K, 94% used [0x00000000eaf00000,0x00000000eaf78b48,0x00000000eaf80000)
  to   space 1024K, 0% used [0x00000000eae00000,0x00000000eae00000,0x00000000eaf00000)
 ParOldGen       total 617472K, used 617266K [0x00000000c0000000, 0x00000000e5b00000, 0x00000000eab00000)
  object space 617472K, 99% used [0x00000000c0000000,0x00000000e5acca10,0x00000000e5b00000)
 Metaspace       used 58246K, committed 59456K, reserved 1114112K
  class space    used 5944K, committed 6464K, reserved 1048576K
}
Event: 29.308 GC heap before
{Heap before GC invocations=1115 (full 2):
 PSYoungGen      total 3072K, used 3042K [0x00000000eab00000, 0x00000000eaf80000, 0x0000000100000000)
  eden space 2560K, 100% used [0x00000000eab00000,0x00000000ead80000,0x00000000ead80000)
  from space 512K, 94% used [0x00000000eaf00000,0x00000000eaf78b48,0x00000000eaf80000)
  to   space 1024K, 0% used [0x00000000eae00000,0x00000000eae00000,0x00000000eaf00000)
 ParOldGen       total 617472K, used 617266K [0x00000000c0000000, 0x00000000e5b00000, 0x00000000eab00000)
  object space 617472K, 99% used [0x00000000c0000000,0x00000000e5acca10,0x00000000e5b00000)
 Metaspace       used 58246K, committed 59456K, reserved 1114112K
  class space    used 5944K, committed 6464K, reserved 1048576K
}
Event: 29.313 GC heap after
{Heap after GC invocations=1115 (full 2):
 PSYoungGen      total 3584K, used 1024K [0x00000000eab00000, 0x00000000eaf80000, 0x0000000100000000)
  eden space 2560K, 0% used [0x00000000eab00000,0x00000000eab00000,0x00000000ead80000)
  from space 1024K, 100% used [0x00000000eae00000,0x00000000eaf00000,0x00000000eaf00000)
  to   space 512K, 0% used [0x00000000eaf00000,0x00000000eaf00000,0x00000000eaf80000)
 ParOldGen       total 619520K, used 619309K [0x00000000c0000000, 0x00000000e5d00000, 0x00000000eab00000)
  object space 619520K, 99% used [0x00000000c0000000,0x00000000e5ccb558,0x00000000e5d00000)
 Metaspace       used 58246K, committed 59456K, reserved 1114112K
  class space    used 5944K, committed 6464K, reserved 1048576K
}
Event: 29.321 GC heap before
{Heap before GC invocations=1116 (full 2):
 PSYoungGen      total 3584K, used 3584K [0x00000000eab00000, 0x00000000eaf80000, 0x0000000100000000)
  eden space 2560K, 100% used [0x00000000eab00000,0x00000000ead80000,0x00000000ead80000)
  from space 1024K, 100% used [0x00000000eae00000,0x00000000eaf00000,0x00000000eaf00000)
  to   space 512K, 0% used [0x00000000eaf00000,0x00000000eaf00000,0x00000000eaf80000)
 ParOldGen       total 619520K, used 619309K [0x00000000c0000000, 0x00000000e5d00000, 0x00000000eab00000)
  object space 619520K, 99% used [0x00000000c0000000,0x00000000e5ccb558,0x00000000e5d00000)
 Metaspace       used 58252K, committed 59456K, reserved 1114112K
  class space    used 5944K, committed 6464K, reserved 1048576K
}

