# JRE version: OpenJDK Runtime Environment Temurin-21.0.5+11 (21.0.5+11) (build 21.0.5+11-LTS)
# Java VM: OpenJDK 64-Bit Server VM Temurin-21.0.5+11 (21.0.5+11-LTS, mixed mode, sharing, tiered, compressed oops, compressed class ptrs, parallel gc, windows-amd64)
GC Precious Log:
 CardTable entry size: 512
 CPUs: 8 total, 8 available
 Memory: 24410M
 Large Page Support: Disabled
 NUMA Support: Disabled
 Compressed Oops: Enabled (32-bit)
 Alignments: Space 512K, Generation 512K, Heap 2M
 Heap Min Capacity: 100M
 Heap Initial Capacity: 100M
 Heap Max Capacity: 1G
 Pre-touch: Disabled
 Parallel Workers: 8
Heap:
 PSYoungGen      total 12288K, used 6732K [0x00000000eab00000, 0x00000000eba00000, 0x0000000100000000)
  eden space 10752K, 50% used [0x00000000eab00000,0x00000000eb0495c8,0x00000000eb580000)
  from space 1536K, 85% used [0x00000000eb880000,0x00000000eb9c9da8,0x00000000eba00000)
  to   space 2048K, 0% used [0x00000000eb600000,0x00000000eb600000,0x00000000eb800000)
 ParOldGen       total 79872K, used 79650K [0x00000000c0000000, 0x00000000c4e00000, 0x00000000eab00000)
  object space 79872K, 99% used [0x00000000c0000000,0x00000000c4dc8b60,0x00000000c4e00000)
 Metaspace       used 50951K, committed 52224K, reserved 1114112K
  class space    used 5292K, committed 5888K, reserved 1048576K
GC Heap History (20 events):
Event: 20.638 GC heap before
{Heap before GC invocations=59 (full 2):
 PSYoungGen      total 13824K, used 13312K [0x00000000eab00000, 0x00000000eba00000, 0x0000000100000000)
  eden space 12288K, 100% used [0x00000000eab00000,0x00000000eb700000,0x00000000eb700000)
  from space 1536K, 66% used [0x00000000eb880000,0x00000000eb980000,0x00000000eba00000)
  to   space 1536K, 0% used [0x00000000eb700000,0x00000000eb700000,0x00000000eb880000)
 ParOldGen       total 71168K, used 70860K [0x00000000c0000000, 0x00000000c4580000, 0x00000000eab00000)
  object space 71168K, 99% used [0x00000000c0000000,0x00000000c4533318,0x00000000c4580000)
 Metaspace       used 48962K, committed 50240K, reserved 1114112K
  class space    used 5100K, committed 5696K, reserved 1048576K
}
Event: 20.642 GC heap after
{Heap after GC invocations=59 (full 2):
 PSYoungGen      total 13824K, used 1153K [0x00000000eab00000, 0x00000000eba00000, 0x0000000100000000)
  eden space 12288K, 0% used [0x00000000eab00000,0x00000000eab00000,0x00000000eb700000)
  from space 1536K, 75% used [0x00000000eb700000,0x00000000eb820640,0x00000000eb880000)
  to   space 1536K, 0% used [0x00000000eb880000,0x00000000eb880000,0x00000000eba00000)
 ParOldGen       total 72192K, used 71729K [0x00000000c0000000, 0x00000000c4680000, 0x00000000eab00000)
  object space 72192K, 99% used [0x00000000c0000000,0x00000000c460c608,0x00000000c4680000)
 Metaspace       used 48962K, committed 50240K, reserved 1114112K
  class space    used 5100K, committed 5696K, reserved 1048576K
}
Event: 20.721 GC heap before
{Heap before GC invocations=60 (full 2):
 PSYoungGen      total 13824K, used 13441K [0x00000000eab00000, 0x00000000eba00000, 0x0000000100000000)
  eden space 12288K, 100% used [0x00000000eab00000,0x00000000eb700000,0x00000000eb700000)
  from space 1536K, 75% used [0x00000000eb700000,0x00000000eb820640,0x00000000eb880000)
  to   space 1536K, 0% used [0x00000000eb880000,0x00000000eb880000,0x00000000eba00000)
 ParOldGen       total 72192K, used 71729K [0x00000000c0000000, 0x00000000c4680000, 0x00000000eab00000)
  object space 72192K, 99% used [0x00000000c0000000,0x00000000c460c608,0x00000000c4680000)
 Metaspace       used 48962K, committed 50240K, reserved 1114112K
  class space    used 5100K, committed 5696K, reserved 1048576K
}
Event: 20.726 GC heap after
{Heap after GC invocations=60 (full 2):
 PSYoungGen      total 12288K, used 1534K [0x00000000eab00000, 0x00000000ebd00000, 0x0000000100000000)
  eden space 10752K, 0% used [0x00000000eab00000,0x00000000eab00000,0x00000000eb580000)
  from space 1536K, 99% used [0x00000000eb880000,0x00000000eb9ffb40,0x00000000eba00000)
  to   space 3072K, 0% used [0x00000000eb580000,0x00000000eb580000,0x00000000eb880000)
 ParOldGen       total 73216K, used 72824K [0x00000000c0000000, 0x00000000c4780000, 0x00000000eab00000)
  object space 73216K, 99% used [0x00000000c0000000,0x00000000c471e228,0x00000000c4780000)
 Metaspace       used 48962K, committed 50240K, reserved 1114112K
  class space    used 5100K, committed 5696K, reserved 1048576K
}
Event: 20.764 GC heap before
{Heap before GC invocations=61 (full 2):
 PSYoungGen      total 12288K, used 12286K [0x00000000eab00000, 0x00000000ebd00000, 0x0000000100000000)
  eden space 10752K, 100% used [0x00000000eab00000,0x00000000eb580000,0x00000000eb580000)
  from space 1536K, 99% used [0x00000000eb880000,0x00000000eb9ffb40,0x00000000eba00000)
  to   space 3072K, 0% used [0x00000000eb580000,0x00000000eb580000,0x00000000eb880000)
 ParOldGen       total 73216K, used 72824K [0x00000000c0000000, 0x00000000c4780000, 0x00000000eab00000)
  object space 73216K, 99% used [0x00000000c0000000,0x00000000c471e228,0x00000000c4780000)
 Metaspace       used 48968K, committed 50240K, reserved 1114112K
  class space    used 5101K, committed 5696K, reserved 1048576K
}
Event: 20.767 GC heap after
{Heap after GC invocations=61 (full 2):
 PSYoungGen      total 11776K, used 992K [0x00000000eab00000, 0x00000000eb980000, 0x0000000100000000)
  eden space 10752K, 0% used [0x00000000eab00000,0x00000000eab00000,0x00000000eb580000)
  from space 1024K, 96% used [0x00000000eb580000,0x00000000eb678000,0x00000000eb680000)
  to   space 2048K, 0% used [0x00000000eb780000,0x00000000eb780000,0x00000000eb980000)
 ParOldGen       total 74752K, used 74258K [0x00000000c0000000, 0x00000000c4900000, 0x00000000eab00000)
  object space 74752K, 99% used [0x00000000c0000000,0x00000000c4884b30,0x00000000c4900000)
 Metaspace       used 48968K, committed 50240K, reserved 1114112K
  class space    used 5101K, committed 5696K, reserved 1048576K
}
Event: 20.807 GC heap before
{Heap before GC invocations=62 (full 2):
 PSYoungGen      total 11776K, used 11744K [0x00000000eab00000, 0x00000000eb980000, 0x0000000100000000)
  eden space 10752K, 100% used [0x00000000eab00000,0x00000000eb580000,0x00000000eb580000)
  from space 1024K, 96% used [0x00000000eb580000,0x00000000eb678000,0x00000000eb680000)
  to   space 2048K, 0% used [0x00000000eb780000,0x00000000eb780000,0x00000000eb980000)
 ParOldGen       total 74752K, used 74258K [0x00000000c0000000, 0x00000000c4900000, 0x00000000eab00000)
  object space 74752K, 99% used [0x00000000c0000000,0x00000000c4884b30,0x00000000c4900000)
 Metaspace       used 48968K, committed 50240K, reserved 1114112K
  class space    used 5101K, committed 5696K, reserved 1048576K
}
Event: 20.809 GC heap after
{Heap after GC invocations=62 (full 2):
 PSYoungGen      total 12288K, used 1204K [0x00000000eab00000, 0x00000000eb900000, 0x0000000100000000)
  eden space 10752K, 0% used [0x00000000eab00000,0x00000000eab00000,0x00000000eb580000)
  from space 1536K, 78% used [0x00000000eb780000,0x00000000eb8ad358,0x00000000eb900000)
  to   space 1536K, 0% used [0x00000000eb600000,0x00000000eb600000,0x00000000eb780000)
 ParOldGen       total 75264K, used 75155K [0x00000000c0000000, 0x00000000c4980000, 0x00000000eab00000)
  object space 75264K, 99% used [0x00000000c0000000,0x00000000c4964e98,0x00000000c4980000)
 Metaspace       used 48968K, committed 50240K, reserved 1114112K
  class space    used 5101K, committed 5696K, reserved 1048576K
}
Event: 20.865 GC heap before
{Heap before GC invocations=63 (full 2):
 PSYoungGen      total 12288K, used 11956K [0x00000000eab00000, 0x00000000eb900000, 0x0000000100000000)
  eden space 10752K, 100% used [0x00000000eab00000,0x00000000eb580000,0x00000000eb580000)
  from space 1536K, 78% used [0x00000000eb780000,0x00000000eb8ad358,0x00000000eb900000)
  to   space 1536K, 0% used [0x00000000eb600000,0x00000000eb600000,0x00000000eb780000)
 ParOldGen       total 75264K, used 75155K [0x00000000c0000000, 0x00000000c4980000, 0x00000000eab00000)
  object space 75264K, 99% used [0x00000000c0000000,0x00000000c4964e98,0x00000000c4980000)
 Metaspace       used 48968K, committed 50240K, reserved 1114112K
  class space    used 5101K, committed 5696K, reserved 1048576K
}
Event: 20.867 GC heap after
{Heap after GC invocations=63 (full 2):
 PSYoungGen      total 11264K, used 320K [0x00000000eab00000, 0x00000000eb800000, 0x0000000100000000)
  eden space 10752K, 0% used [0x00000000eab00000,0x00000000eab00000,0x00000000eb580000)
  from space 512K, 62% used [0x00000000eb600000,0x00000000eb650000,0x00000000eb680000)
  to   space 1024K, 0% used [0x00000000eb700000,0x00000000eb700000,0x00000000eb800000)
 ParOldGen       total 76288K, used 76284K [0x00000000c0000000, 0x00000000c4a80000, 0x00000000eab00000)
  object space 76288K, 99% used [0x00000000c0000000,0x00000000c4a7f298,0x00000000c4a80000)
 Metaspace       used 48968K, committed 50240K, reserved 1114112K
  class space    used 5101K, committed 5696K, reserved 1048576K
}
Event: 20.994 GC heap before
{Heap before GC invocations=64 (full 2):
 PSYoungGen      total 11264K, used 11072K [0x00000000eab00000, 0x00000000eb800000, 0x0000000100000000)
  eden space 10752K, 100% used [0x00000000eab00000,0x00000000eb580000,0x00000000eb580000)
  from space 512K, 62% used [0x00000000eb600000,0x00000000eb650000,0x00000000eb680000)
  to   space 1024K, 0% used [0x00000000eb700000,0x00000000eb700000,0x00000000eb800000)
 ParOldGen       total 76288K, used 76284K [0x00000000c0000000, 0x00000000c4a80000, 0x00000000eab00000)
  object space 76288K, 99% used [0x00000000c0000000,0x00000000c4a7f298,0x00000000c4a80000)
 Metaspace       used 48972K, committed 50240K, reserved 1114112K
  class space    used 5101K, committed 5696K, reserved 1048576K
}
Event: 20.996 GC heap after
{Heap after GC invocations=64 (full 2):
 PSYoungGen      total 11264K, used 416K [0x00000000eab00000, 0x00000000eb780000, 0x0000000100000000)
  eden space 10752K, 0% used [0x00000000eab00000,0x00000000eab00000,0x00000000eb580000)
  from space 512K, 81% used [0x00000000eb700000,0x00000000eb768000,0x00000000eb780000)
  to   space 512K, 0% used [0x00000000eb600000,0x00000000eb600000,0x00000000eb680000)
 ParOldGen       total 76800K, used 76505K [0x00000000c0000000, 0x00000000c4b00000, 0x00000000eab00000)
  object space 76800K, 99% used [0x00000000c0000000,0x00000000c4ab65f0,0x00000000c4b00000)
 Metaspace       used 48972K, committed 50240K, reserved 1114112K
  class space    used 5101K, committed 5696K, reserved 1048576K
}
Event: 21.033 GC heap before
{Heap before GC invocations=65 (full 2):
 PSYoungGen      total 11264K, used 11168K [0x00000000eab00000, 0x00000000eb780000, 0x0000000100000000)
  eden space 10752K, 100% used [0x00000000eab00000,0x00000000eb580000,0x00000000eb580000)
  from space 512K, 81% used [0x00000000eb700000,0x00000000eb768000,0x00000000eb780000)
  to   space 512K, 0% used [0x00000000eb600000,0x00000000eb600000,0x00000000eb680000)
 ParOldGen       total 76800K, used 76505K [0x00000000c0000000, 0x00000000c4b00000, 0x00000000eab00000)
  object space 76800K, 99% used [0x00000000c0000000,0x00000000c4ab65f0,0x00000000c4b00000)
 Metaspace       used 48972K, committed 50240K, reserved 1114112K
  class space    used 5101K, committed 5696K, reserved 1048576K
}
Event: 21.035 GC heap after
{Heap after GC invocations=65 (full 2):
 PSYoungGen      total 11264K, used 480K [0x00000000eab00000, 0x00000000eb880000, 0x0000000100000000)
  eden space 10752K, 0% used [0x00000000eab00000,0x00000000eab00000,0x00000000eb580000)
  from space 512K, 93% used [0x00000000eb600000,0x00000000eb678150,0x00000000eb680000)
  to   space 1536K, 0% used [0x00000000eb700000,0x00000000eb700000,0x00000000eb880000)
 ParOldGen       total 77312K, used 77029K [0x00000000c0000000, 0x00000000c4b80000, 0x00000000eab00000)
  object space 77312K, 99% used [0x00000000c0000000,0x00000000c4b397f0,0x00000000c4b80000)
 Metaspace       used 48972K, committed 50240K, reserved 1114112K
  class space    used 5101K, committed 5696K, reserved 1048576K
}
Event: 21.090 GC heap before
{Heap before GC invocations=66 (full 2):
 PSYoungGen      total 11264K, used 11232K [0x00000000eab00000, 0x00000000eb880000, 0x0000000100000000)
  eden space 10752K, 100% used [0x00000000eab00000,0x00000000eb580000,0x00000000eb580000)
  from space 512K, 93% used [0x00000000eb600000,0x00000000eb678150,0x00000000eb680000)
  to   space 1536K, 0% used [0x00000000eb700000,0x00000000eb700000,0x00000000eb880000)
 ParOldGen       total 77312K, used 77029K [0x00000000c0000000, 0x00000000c4b80000, 0x00000000eab00000)
  object space 77312K, 99% used [0x00000000c0000000,0x00000000c4b397f0,0x00000000c4b80000)
 Metaspace       used 48973K, committed 50240K, reserved 1114112K
  class space    used 5101K, committed 5696K, reserved 1048576K
}
Event: 21.092 GC heap after
{Heap after GC invocations=66 (full 2):
 PSYoungGen      total 12288K, used 1099K [0x00000000eab00000, 0x00000000eb880000, 0x0000000100000000)
  eden space 10752K, 0% used [0x00000000eab00000,0x00000000eab00000,0x00000000eb580000)
  from space 1536K, 71% used [0x00000000eb700000,0x00000000eb812f38,0x00000000eb880000)
  to   space 1536K, 0% used [0x00000000eb580000,0x00000000eb580000,0x00000000eb700000)
 ParOldGen       total 77824K, used 77447K [0x00000000c0000000, 0x00000000c4c00000, 0x00000000eab00000)
  object space 77824K, 99% used [0x00000000c0000000,0x00000000c4ba1c58,0x00000000c4c00000)
 Metaspace       used 48973K, committed 50240K, reserved 1114112K
  class space    used 5101K, committed 5696K, reserved 1048576K
}
Event: 21.455 GC heap before
{Heap before GC invocations=67 (full 2):
 PSYoungGen      total 12288K, used 11851K [0x00000000eab00000, 0x00000000eb880000, 0x0000000100000000)
  eden space 10752K, 100% used [0x00000000eab00000,0x00000000eb580000,0x00000000eb580000)
  from space 1536K, 71% used [0x00000000eb700000,0x00000000eb812f38,0x00000000eb880000)
  to   space 1536K, 0% used [0x00000000eb580000,0x00000000eb580000,0x00000000eb700000)
 ParOldGen       total 77824K, used 77447K [0x00000000c0000000, 0x00000000c4c00000, 0x00000000eab00000)
  object space 77824K, 99% used [0x00000000c0000000,0x00000000c4ba1c58,0x00000000c4c00000)
 Metaspace       used 49763K, committed 50944K, reserved 1114112K
  class space    used 5159K, committed 5696K, reserved 1048576K
}
Event: 21.458 GC heap after
{Heap after GC invocations=67 (full 2):
 PSYoungGen      total 12288K, used 1535K [0x00000000eab00000, 0x00000000ebb80000, 0x0000000100000000)
  eden space 10752K, 0% used [0x00000000eab00000,0x00000000eab00000,0x00000000eb580000)
  from space 1536K, 99% used [0x00000000eb580000,0x00000000eb6fff18,0x00000000eb700000)
  to   space 3072K, 0% used [0x00000000eb880000,0x00000000eb880000,0x00000000ebb80000)
 ParOldGen       total 78848K, used 78338K [0x00000000c0000000, 0x00000000c4d00000, 0x00000000eab00000)
  object space 78848K, 99% used [0x00000000c0000000,0x00000000c4c80b38,0x00000000c4d00000)
 Metaspace       used 49763K, committed 50944K, reserved 1114112K
  class space    used 5159K, committed 5696K, reserved 1048576K
}
Event: 22.632 GC heap before
{Heap before GC invocations=68 (full 2):
 PSYoungGen      total 12288K, used 12287K [0x00000000eab00000, 0x00000000ebb80000, 0x0000000100000000)
  eden space 10752K, 100% used [0x00000000eab00000,0x00000000eb580000,0x00000000eb580000)
  from space 1536K, 99% used [0x00000000eb580000,0x00000000eb6fff18,0x00000000eb700000)
  to   space 3072K, 0% used [0x00000000eb880000,0x00000000eb880000,0x00000000ebb80000)
 ParOldGen       total 78848K, used 78338K [0x00000000c0000000, 0x00000000c4d00000, 0x00000000eab00000)
  object space 78848K, 99% used [0x00000000c0000000,0x00000000c4c80b38,0x00000000c4d00000)
 Metaspace       used 50565K, committed 51712K, reserved 1114112K
  class space    used 5260K, committed 5824K, reserved 1048576K
}
Event: 22.636 GC heap after
{Heap after GC invocations=68 (full 2):
 PSYoungGen      total 12288K, used 1319K [0x00000000eab00000, 0x00000000eba00000, 0x0000000100000000)
  eden space 10752K, 0% used [0x00000000eab00000,0x00000000eab00000,0x00000000eb580000)
  from space 1536K, 85% used [0x00000000eb880000,0x00000000eb9c9da8,0x00000000eba00000)
  to   space 2048K, 0% used [0x00000000eb600000,0x00000000eb600000,0x00000000eb800000)
 ParOldGen       total 79872K, used 79650K [0x00000000c0000000, 0x00000000c4e00000, 0x00000000eab00000)
  object space 79872K, 99% used [0x00000000c0000000,0x00000000c4dc8b60,0x00000000c4e00000)
 Metaspace       used 50565K, committed 51712K, reserved 1114112K
  class space    used 5260K, committed 5824K, reserved 1048576K
}

