# JRE version: Java(TM) SE Runtime Environment (17.0.12+8) (build 17.0.12+8-LTS-286)
# Java VM: Java HotSpot(TM) 64-Bit Server VM (17.0.12+8-LTS-286, mixed mode, sharing, tiered, compressed oops, compressed class ptrs, g1 gc, windows-amd64)
GC Precious Log:
 CPUs: 8 total, 8 available
 Memory: 24410M
 Large Page Support: Disabled
 NUMA Support: Disabled
 Compressed Oops: Enabled (Zero based)
 Heap Region Size: 4M
 Heap Min Capacity: 8M
 Heap Initial Capacity: 384M
 Heap Max Capacity: 6104M
 Pre-touch: Disabled
 Parallel Workers: 8
 Concurrent Workers: 2
 Concurrent Refinement Workers: 8
 Periodic GC: Disabled
Heap:
 garbage-first heap   total 393216K, used 9403K [0x0000000682800000, 0x0000000800000000)
  region size 4096K, 2 young (8192K), 1 survivors (4096K)
 Metaspace       used 19639K, committed 19904K, reserved 1114112K
  class space    used 2472K, committed 2624K, reserved 1048576K
GC Heap History (6 events):
Event: 1.802 GC heap before
{Heap before GC invocations=0 (full 0):
 garbage-first heap   total 393216K, used 20480K [0x0000000682800000, 0x0000000800000000)
  region size 4096K, 5 young (20480K), 0 survivors (0K)
 Metaspace       used 7435K, committed 7616K, reserved 1114112K
  class space    used 835K, committed 896K, reserved 1048576K
}
Event: 1.808 GC heap after
{Heap after GC invocations=1 (full 0):
 garbage-first heap   total 393216K, used 5919K [0x0000000682800000, 0x0000000800000000)
  region size 4096K, 1 young (4096K), 1 survivors (4096K)
 Metaspace       used 7435K, committed 7616K, reserved 1114112K
  class space    used 835K, committed 896K, reserved 1048576K
}
Event: 2.248 GC heap before
{Heap before GC invocations=1 (full 0):
 garbage-first heap   total 393216K, used 14111K [0x0000000682800000, 0x0000000800000000)
  region size 4096K, 4 young (16384K), 1 survivors (4096K)
 Metaspace       used 9996K, committed 10176K, reserved 1114112K
  class space    used 1176K, committed 1280K, reserved 1048576K
}
Event: 2.252 GC heap after
{Heap after GC invocations=2 (full 0):
 garbage-first heap   total 393216K, used 7038K [0x0000000682800000, 0x0000000800000000)
  region size 4096K, 1 young (4096K), 1 survivors (4096K)
 Metaspace       used 9996K, committed 10176K, reserved 1114112K
  class space    used 1176K, committed 1280K, reserved 1048576K
}
Event: 3.251 GC heap before
{Heap before GC invocations=2 (full 0):
 garbage-first heap   total 393216K, used 43902K [0x0000000682800000, 0x0000000800000000)
  region size 4096K, 11 young (45056K), 1 survivors (4096K)
 Metaspace       used 19016K, committed 19392K, reserved 1114112K
  class space    used 2386K, committed 2560K, reserved 1048576K
}
Event: 3.256 GC heap after
{Heap after GC invocations=3 (full 0):
 garbage-first heap   total 393216K, used 9403K [0x0000000682800000, 0x0000000800000000)
  region size 4096K, 1 young (4096K), 1 survivors (4096K)
 Metaspace       used 19016K, committed 19392K, reserved 1114112K
  class space    used 2386K, committed 2560K, reserved 1048576K
}

