# JRE version: OpenJDK Runtime Environment Temurin-21.0.5+11 (21.0.5+11) (build 21.0.5+11-LTS)
# Java VM: OpenJDK 64-Bit Server VM Temurin-21.0.5+11 (21.0.5+11-LTS, mixed mode, sharing, tiered, compressed oops, compressed class ptrs, parallel gc, windows-amd64)
GC Precious Log:
 CardTable entry size: 512
 CPUs: 8 total, 8 available
 Memory: 24410M
 Large Page Support: Disabled
 NUMA Support: Disabled
 Compressed Oops: Enabled (32-bit)
 Alignments: Space 512K, Generation 512K, Heap 2M
 Heap Min Capacity: 100M
 Heap Initial Capacity: 100M
 Heap Max Capacity: 1G
 Pre-touch: Disabled
 Parallel Workers: 8
Heap:
 PSYoungGen      total 2560K, used 2450K [0x00000000eab00000, 0x00000000eaf80000, 0x0000000100000000)
  eden space 2048K, 95% used [0x00000000eab00000,0x00000000eaceb648,0x00000000ead00000)
  from space 512K, 94% used [0x00000000eaf00000,0x00000000eaf79378,0x00000000eaf80000)
  to   space 512K, 0% used [0x00000000eae80000,0x00000000eae80000,0x00000000eaf00000)
 ParOldGen       total 410112K, used 410110K [0x00000000c0000000, 0x00000000d9080000, 0x00000000eab00000)
  object space 410112K, 99% used [0x00000000c0000000,0x00000000d907f820,0x00000000d9080000)
 Metaspace       used 58067K, committed 59392K, reserved 1114112K
  class space    used 5922K, committed 6464K, reserved 1048576K
GC Heap History (20 events):
Event: 29.361 GC heap before
{Heap before GC invocations=463 (full 2):
 PSYoungGen      total 2560K, used 2432K [0x00000000eab00000, 0x00000000eaf00000, 0x0000000100000000)
  eden space 2048K, 100% used [0x00000000eab00000,0x00000000ead00000,0x00000000ead00000)
  from space 512K, 75% used [0x00000000eae80000,0x00000000eaee0000,0x00000000eaf00000)
  to   space 512K, 0% used [0x00000000eae00000,0x00000000eae00000,0x00000000eae80000)
 ParOldGen       total 405504K, used 405451K [0x00000000c0000000, 0x00000000d8c00000, 0x00000000eab00000)
  object space 405504K, 99% used [0x00000000c0000000,0x00000000d8bf2e98,0x00000000d8c00000)
 Metaspace       used 58060K, committed 59392K, reserved 1114112K
  class space    used 5922K, committed 6464K, reserved 1048576K
}
Event: 29.363 GC heap after
{Heap after GC invocations=463 (full 2):
 PSYoungGen      total 2560K, used 496K [0x00000000eab00000, 0x00000000eb100000, 0x0000000100000000)
  eden space 2048K, 0% used [0x00000000eab00000,0x00000000eab00000,0x00000000ead00000)
  from space 512K, 96% used [0x00000000eae00000,0x00000000eae7c200,0x00000000eae80000)
  to   space 2048K, 0% used [0x00000000eaf00000,0x00000000eaf00000,0x00000000eb100000)
 ParOldGen       total 406528K, used 406383K [0x00000000c0000000, 0x00000000d8d00000, 0x00000000eab00000)
  object space 406528K, 99% used [0x00000000c0000000,0x00000000d8cdbc98,0x00000000d8d00000)
 Metaspace       used 58060K, committed 59392K, reserved 1114112K
  class space    used 5922K, committed 6464K, reserved 1048576K
}
Event: 29.425 GC heap before
{Heap before GC invocations=464 (full 2):
 PSYoungGen      total 2560K, used 2544K [0x00000000eab00000, 0x00000000eb100000, 0x0000000100000000)
  eden space 2048K, 100% used [0x00000000eab00000,0x00000000ead00000,0x00000000ead00000)
  from space 512K, 96% used [0x00000000eae00000,0x00000000eae7c200,0x00000000eae80000)
  to   space 2048K, 0% used [0x00000000eaf00000,0x00000000eaf00000,0x00000000eb100000)
 ParOldGen       total 406528K, used 406383K [0x00000000c0000000, 0x00000000d8d00000, 0x00000000eab00000)
  object space 406528K, 99% used [0x00000000c0000000,0x00000000d8cdbc98,0x00000000d8d00000)
 Metaspace       used 58062K, committed 59392K, reserved 1114112K
  class space    used 5922K, committed 6464K, reserved 1048576K
}
Event: 29.427 GC heap after
{Heap after GC invocations=464 (full 2):
 PSYoungGen      total 3072K, used 576K [0x00000000eab00000, 0x00000000eb000000, 0x0000000100000000)
  eden space 2048K, 0% used [0x00000000eab00000,0x00000000eab00000,0x00000000ead00000)
  from space 1024K, 56% used [0x00000000eaf00000,0x00000000eaf90000,0x00000000eb000000)
  to   space 1024K, 0% used [0x00000000eae00000,0x00000000eae00000,0x00000000eaf00000)
 ParOldGen       total 406528K, used 406447K [0x00000000c0000000, 0x00000000d8d00000, 0x00000000eab00000)
  object space 406528K, 99% used [0x00000000c0000000,0x00000000d8cebc98,0x00000000d8d00000)
 Metaspace       used 58062K, committed 59392K, reserved 1114112K
  class space    used 5922K, committed 6464K, reserved 1048576K
}
Event: 29.434 GC heap before
{Heap before GC invocations=465 (full 2):
 PSYoungGen      total 3072K, used 2624K [0x00000000eab00000, 0x00000000eb000000, 0x0000000100000000)
  eden space 2048K, 100% used [0x00000000eab00000,0x00000000ead00000,0x00000000ead00000)
  from space 1024K, 56% used [0x00000000eaf00000,0x00000000eaf90000,0x00000000eb000000)
  to   space 1024K, 0% used [0x00000000eae00000,0x00000000eae00000,0x00000000eaf00000)
 ParOldGen       total 406528K, used 406447K [0x00000000c0000000, 0x00000000d8d00000, 0x00000000eab00000)
  object space 406528K, 99% used [0x00000000c0000000,0x00000000d8cebc98,0x00000000d8d00000)
 Metaspace       used 58063K, committed 59392K, reserved 1114112K
  class space    used 5922K, committed 6464K, reserved 1048576K
}
Event: 29.435 GC heap after
{Heap after GC invocations=465 (full 2):
 PSYoungGen      total 3072K, used 352K [0x00000000eab00000, 0x00000000eaf80000, 0x0000000100000000)
  eden space 2048K, 0% used [0x00000000eab00000,0x00000000eab00000,0x00000000ead00000)
  from space 1024K, 34% used [0x00000000eae00000,0x00000000eae58000,0x00000000eaf00000)
  to   space 512K, 0% used [0x00000000eaf00000,0x00000000eaf00000,0x00000000eaf80000)
 ParOldGen       total 407040K, used 406841K [0x00000000c0000000, 0x00000000d8d80000, 0x00000000eab00000)
  object space 407040K, 99% used [0x00000000c0000000,0x00000000d8d4e400,0x00000000d8d80000)
 Metaspace       used 58063K, committed 59392K, reserved 1114112K
  class space    used 5922K, committed 6464K, reserved 1048576K
}
Event: 29.492 GC heap before
{Heap before GC invocations=466 (full 2):
 PSYoungGen      total 3072K, used 2400K [0x00000000eab00000, 0x00000000eaf80000, 0x0000000100000000)
  eden space 2048K, 100% used [0x00000000eab00000,0x00000000ead00000,0x00000000ead00000)
  from space 1024K, 34% used [0x00000000eae00000,0x00000000eae58000,0x00000000eaf00000)
  to   space 512K, 0% used [0x00000000eaf00000,0x00000000eaf00000,0x00000000eaf80000)
 ParOldGen       total 407040K, used 406841K [0x00000000c0000000, 0x00000000d8d80000, 0x00000000eab00000)
  object space 407040K, 99% used [0x00000000c0000000,0x00000000d8d4e400,0x00000000d8d80000)
 Metaspace       used 58064K, committed 59392K, reserved 1114112K
  class space    used 5922K, committed 6464K, reserved 1048576K
}
Event: 29.493 GC heap after
{Heap after GC invocations=466 (full 2):
 PSYoungGen      total 2560K, used 320K [0x00000000eab00000, 0x00000000eaf80000, 0x0000000100000000)
  eden space 2048K, 0% used [0x00000000eab00000,0x00000000eab00000,0x00000000ead00000)
  from space 512K, 62% used [0x00000000eaf00000,0x00000000eaf50000,0x00000000eaf80000)
  to   space 512K, 0% used [0x00000000eae80000,0x00000000eae80000,0x00000000eaf00000)
 ParOldGen       total 407552K, used 407134K [0x00000000c0000000, 0x00000000d8e00000, 0x00000000eab00000)
  object space 407552K, 99% used [0x00000000c0000000,0x00000000d8d97a08,0x00000000d8e00000)
 Metaspace       used 58064K, committed 59392K, reserved 1114112K
  class space    used 5922K, committed 6464K, reserved 1048576K
}
Event: 29.499 GC heap before
{Heap before GC invocations=467 (full 2):
 PSYoungGen      total 2560K, used 2368K [0x00000000eab00000, 0x00000000eaf80000, 0x0000000100000000)
  eden space 2048K, 100% used [0x00000000eab00000,0x00000000ead00000,0x00000000ead00000)
  from space 512K, 62% used [0x00000000eaf00000,0x00000000eaf50000,0x00000000eaf80000)
  to   space 512K, 0% used [0x00000000eae80000,0x00000000eae80000,0x00000000eaf00000)
 ParOldGen       total 407552K, used 407134K [0x00000000c0000000, 0x00000000d8e00000, 0x00000000eab00000)
  object space 407552K, 99% used [0x00000000c0000000,0x00000000d8d97a08,0x00000000d8e00000)
 Metaspace       used 58064K, committed 59392K, reserved 1114112K
  class space    used 5922K, committed 6464K, reserved 1048576K
}
Event: 29.501 GC heap after
{Heap after GC invocations=467 (full 2):
 PSYoungGen      total 2560K, used 384K [0x00000000eab00000, 0x00000000eaf80000, 0x0000000100000000)
  eden space 2048K, 0% used [0x00000000eab00000,0x00000000eab00000,0x00000000ead00000)
  from space 512K, 75% used [0x00000000eae80000,0x00000000eaee0000,0x00000000eaf00000)
  to   space 512K, 0% used [0x00000000eaf00000,0x00000000eaf00000,0x00000000eaf80000)
 ParOldGen       total 407552K, used 407381K [0x00000000c0000000, 0x00000000d8e00000, 0x00000000eab00000)
  object space 407552K, 99% used [0x00000000c0000000,0x00000000d8dd5718,0x00000000d8e00000)
 Metaspace       used 58064K, committed 59392K, reserved 1114112K
  class space    used 5922K, committed 6464K, reserved 1048576K
}
Event: 29.545 GC heap before
{Heap before GC invocations=468 (full 2):
 PSYoungGen      total 2560K, used 2432K [0x00000000eab00000, 0x00000000eaf80000, 0x0000000100000000)
  eden space 2048K, 100% used [0x00000000eab00000,0x00000000ead00000,0x00000000ead00000)
  from space 512K, 75% used [0x00000000eae80000,0x00000000eaee0000,0x00000000eaf00000)
  to   space 512K, 0% used [0x00000000eaf00000,0x00000000eaf00000,0x00000000eaf80000)
 ParOldGen       total 407552K, used 407381K [0x00000000c0000000, 0x00000000d8e00000, 0x00000000eab00000)
  object space 407552K, 99% used [0x00000000c0000000,0x00000000d8dd5718,0x00000000d8e00000)
 Metaspace       used 58067K, committed 59392K, reserved 1114112K
  class space    used 5922K, committed 6464K, reserved 1048576K
}
Event: 29.547 GC heap after
{Heap after GC invocations=468 (full 2):
 PSYoungGen      total 2560K, used 482K [0x00000000eab00000, 0x00000000eaf80000, 0x0000000100000000)
  eden space 2048K, 0% used [0x00000000eab00000,0x00000000eab00000,0x00000000ead00000)
  from space 512K, 94% used [0x00000000eaf00000,0x00000000eaf78980,0x00000000eaf80000)
  to   space 1024K, 0% used [0x00000000ead80000,0x00000000ead80000,0x00000000eae80000)
 ParOldGen       total 408064K, used 407691K [0x00000000c0000000, 0x00000000d8e80000, 0x00000000eab00000)
  object space 408064K, 99% used [0x00000000c0000000,0x00000000d8e22d20,0x00000000d8e80000)
 Metaspace       used 58067K, committed 59392K, reserved 1114112K
  class space    used 5922K, committed 6464K, reserved 1048576K
}
Event: 29.554 GC heap before
{Heap before GC invocations=469 (full 2):
 PSYoungGen      total 2560K, used 2530K [0x00000000eab00000, 0x00000000eaf80000, 0x0000000100000000)
  eden space 2048K, 100% used [0x00000000eab00000,0x00000000ead00000,0x00000000ead00000)
  from space 512K, 94% used [0x00000000eaf00000,0x00000000eaf78980,0x00000000eaf80000)
  to   space 1024K, 0% used [0x00000000ead80000,0x00000000ead80000,0x00000000eae80000)
 ParOldGen       total 408064K, used 407691K [0x00000000c0000000, 0x00000000d8e80000, 0x00000000eab00000)
  object space 408064K, 99% used [0x00000000c0000000,0x00000000d8e22d20,0x00000000d8e80000)
 Metaspace       used 58067K, committed 59392K, reserved 1114112K
  class space    used 5922K, committed 6464K, reserved 1048576K
}
Event: 29.555 GC heap after
{Heap after GC invocations=469 (full 2):
 PSYoungGen      total 3072K, used 352K [0x00000000eab00000, 0x00000000eaf80000, 0x0000000100000000)
  eden space 2048K, 0% used [0x00000000eab00000,0x00000000eab00000,0x00000000ead00000)
  from space 1024K, 34% used [0x00000000ead80000,0x00000000eadd8000,0x00000000eae80000)
  to   space 512K, 0% used [0x00000000eaf00000,0x00000000eaf00000,0x00000000eaf80000)
 ParOldGen       total 408576K, used 408097K [0x00000000c0000000, 0x00000000d8f00000, 0x00000000eab00000)
  object space 408576K, 99% used [0x00000000c0000000,0x00000000d8e88408,0x00000000d8f00000)
 Metaspace       used 58067K, committed 59392K, reserved 1114112K
  class space    used 5922K, committed 6464K, reserved 1048576K
}
Event: 29.562 GC heap before
{Heap before GC invocations=470 (full 2):
 PSYoungGen      total 3072K, used 2393K [0x00000000eab00000, 0x00000000eaf80000, 0x0000000100000000)
  eden space 2048K, 99% used [0x00000000eab00000,0x00000000eacfe518,0x00000000ead00000)
  from space 1024K, 34% used [0x00000000ead80000,0x00000000eadd8000,0x00000000eae80000)
  to   space 512K, 0% used [0x00000000eaf00000,0x00000000eaf00000,0x00000000eaf80000)
 ParOldGen       total 408576K, used 408097K [0x00000000c0000000, 0x00000000d8f00000, 0x00000000eab00000)
  object space 408576K, 99% used [0x00000000c0000000,0x00000000d8e88408,0x00000000d8f00000)
 Metaspace       used 58067K, committed 59392K, reserved 1114112K
  class space    used 5922K, committed 6464K, reserved 1048576K
}
Event: 29.564 GC heap after
{Heap after GC invocations=470 (full 2):
 PSYoungGen      total 2560K, used 443K [0x00000000eab00000, 0x00000000eaf80000, 0x0000000100000000)
  eden space 2048K, 0% used [0x00000000eab00000,0x00000000eab00000,0x00000000ead00000)
  from space 512K, 86% used [0x00000000eaf00000,0x00000000eaf6ec08,0x00000000eaf80000)
  to   space 512K, 0% used [0x00000000eae80000,0x00000000eae80000,0x00000000eaf00000)
 ParOldGen       total 408576K, used 408353K [0x00000000c0000000, 0x00000000d8f00000, 0x00000000eab00000)
  object space 408576K, 99% used [0x00000000c0000000,0x00000000d8ec8408,0x00000000d8f00000)
 Metaspace       used 58067K, committed 59392K, reserved 1114112K
  class space    used 5922K, committed 6464K, reserved 1048576K
}
Event: 29.570 GC heap before
{Heap before GC invocations=471 (full 2):
 PSYoungGen      total 2560K, used 2491K [0x00000000eab00000, 0x00000000eaf80000, 0x0000000100000000)
  eden space 2048K, 100% used [0x00000000eab00000,0x00000000ead00000,0x00000000ead00000)
  from space 512K, 86% used [0x00000000eaf00000,0x00000000eaf6ec08,0x00000000eaf80000)
  to   space 512K, 0% used [0x00000000eae80000,0x00000000eae80000,0x00000000eaf00000)
 ParOldGen       total 408576K, used 408353K [0x00000000c0000000, 0x00000000d8f00000, 0x00000000eab00000)
  object space 408576K, 99% used [0x00000000c0000000,0x00000000d8ec8408,0x00000000d8f00000)
 Metaspace       used 58067K, committed 59392K, reserved 1114112K
  class space    used 5922K, committed 6464K, reserved 1048576K
}
Event: 29.572 GC heap after
{Heap after GC invocations=471 (full 2):
 PSYoungGen      total 2560K, used 352K [0x00000000eab00000, 0x00000000eaf80000, 0x0000000100000000)
  eden space 2048K, 0% used [0x00000000eab00000,0x00000000eab00000,0x00000000ead00000)
  from space 512K, 68% used [0x00000000eae80000,0x00000000eaed8000,0x00000000eaf00000)
  to   space 512K, 0% used [0x00000000eaf00000,0x00000000eaf00000,0x00000000eaf80000)
 ParOldGen       total 409088K, used 408684K [0x00000000c0000000, 0x00000000d8f80000, 0x00000000eab00000)
  object space 409088K, 99% used [0x00000000c0000000,0x00000000d8f1b010,0x00000000d8f80000)
 Metaspace       used 58067K, committed 59392K, reserved 1114112K
  class space    used 5922K, committed 6464K, reserved 1048576K
}
Event: 29.578 GC heap before
{Heap before GC invocations=472 (full 2):
 PSYoungGen      total 2560K, used 2400K [0x00000000eab00000, 0x00000000eaf80000, 0x0000000100000000)
  eden space 2048K, 100% used [0x00000000eab00000,0x00000000ead00000,0x00000000ead00000)
  from space 512K, 68% used [0x00000000eae80000,0x00000000eaed8000,0x00000000eaf00000)
  to   space 512K, 0% used [0x00000000eaf00000,0x00000000eaf00000,0x00000000eaf80000)
 ParOldGen       total 409088K, used 408684K [0x00000000c0000000, 0x00000000d8f80000, 0x00000000eab00000)
  object space 409088K, 99% used [0x00000000c0000000,0x00000000d8f1b010,0x00000000d8f80000)
 Metaspace       used 58067K, committed 59392K, reserved 1114112K
  class space    used 5922K, committed 6464K, reserved 1048576K
}
Event: 29.580 GC heap after
{Heap after GC invocations=472 (full 2):
 PSYoungGen      total 2560K, used 456K [0x00000000eab00000, 0x00000000eaf80000, 0x0000000100000000)
  eden space 2048K, 0% used [0x00000000eab00000,0x00000000eab00000,0x00000000ead00000)
  from space 512K, 89% used [0x00000000eaf00000,0x00000000eaf720b8,0x00000000eaf80000)
  to   space 512K, 0% used [0x00000000eae80000,0x00000000eae80000,0x00000000eaf00000)
 ParOldGen       total 409088K, used 408964K [0x00000000c0000000, 0x00000000d8f80000, 0x00000000eab00000)
  object space 409088K, 99% used [0x00000000c0000000,0x00000000d8f61010,0x00000000d8f80000)
 Metaspace       used 58067K, committed 59392K, reserved 1114112K
  class space    used 5922K, committed 6464K, reserved 1048576K
}

