# JRE version: OpenJDK Runtime Environment Temurin-21.0.5+11 (21.0.5+11) (build 21.0.5+11-LTS)
# Java VM: OpenJDK 64-Bit Server VM Temurin-21.0.5+11 (21.0.5+11-LTS, mixed mode, sharing, tiered, compressed oops, compressed class ptrs, parallel gc, windows-amd64)
GC Precious Log:
 CardTable entry size: 512
 CPUs: 8 total, 8 available
 Memory: 24410M
 Large Page Support: Disabled
 NUMA Support: Disabled
 Compressed Oops: Enabled (32-bit)
 Alignments: Space 512K, Generation 512K, Heap 2M
 Heap Min Capacity: 100M
 Heap Initial Capacity: 100M
 Heap Max Capacity: 1G
 Pre-touch: Disabled
 Parallel Workers: 8
Heap:
 PSYoungGen      total 5120K, used 4032K [0x00000000eab00000, 0x00000000eb180000, 0x0000000100000000)
  eden space 3072K, 100% used [0x00000000eab00000,0x00000000eae00000,0x00000000eae00000)
  from space 2048K, 46% used [0x00000000eae00000,0x00000000eaef0000,0x00000000eb000000)
  to   space 1536K, 98% used [0x00000000eb000000,0x00000000eb17bdb0,0x00000000eb180000)
 ParOldGen       total 211968K, used 211877K [0x00000000c0000000, 0x00000000ccf00000, 0x00000000eab00000)
  object space 211968K, 99% used [0x00000000c0000000,0x00000000ccee9648,0x00000000ccf00000)
 Metaspace       used 58394K, committed 59776K, reserved 1114112K
  class space    used 6107K, committed 6720K, reserved 1048576K
GC Heap History (20 events):
Event: 29.869 GC heap before
{Heap before GC invocations=216 (full 5):
 PSYoungGen      total 4608K, used 0K [0x00000000eab00000, 0x00000000eb080000, 0x0000000100000000)
  eden space 3584K, 0% used [0x00000000eab00000,0x00000000eab00000,0x00000000eae80000)
  from space 1024K, 0% used [0x00000000eae80000,0x00000000eae80000,0x00000000eaf80000)
  to   space 512K, 0% used [0x00000000eb000000,0x00000000eb000000,0x00000000eb080000)
 ParOldGen       total 210432K, used 207838K [0x00000000c0000000, 0x00000000ccd80000, 0x00000000eab00000)
  object space 210432K, 98% used [0x00000000c0000000,0x00000000ccaf7920,0x00000000ccd80000)
 Metaspace       used 58366K, committed 59776K, reserved 1114112K
  class space    used 6105K, committed 6720K, reserved 1048576K
}
Event: 30.003 GC heap after
{Heap after GC invocations=216 (full 5):
 PSYoungGen      total 4608K, used 0K [0x00000000eab00000, 0x00000000eb080000, 0x0000000100000000)
  eden space 4096K, 0% used [0x00000000eab00000,0x00000000eab00000,0x00000000eaf00000)
  from space 512K, 0% used [0x00000000eb000000,0x00000000eb000000,0x00000000eb080000)
  to   space 512K, 0% used [0x00000000eaf80000,0x00000000eaf80000,0x00000000eb000000)
 ParOldGen       total 210432K, used 192329K [0x00000000c0000000, 0x00000000ccd80000, 0x00000000eab00000)
  object space 210432K, 91% used [0x00000000c0000000,0x00000000cbbd24e0,0x00000000ccd80000)
 Metaspace       used 58366K, committed 59776K, reserved 1114112K
  class space    used 6105K, committed 6720K, reserved 1048576K
}
Event: 30.024 GC heap before
{Heap before GC invocations=217 (full 5):
 PSYoungGen      total 4608K, used 4096K [0x00000000eab00000, 0x00000000eb080000, 0x0000000100000000)
  eden space 4096K, 100% used [0x00000000eab00000,0x00000000eaf00000,0x00000000eaf00000)
  from space 512K, 0% used [0x00000000eb000000,0x00000000eb000000,0x00000000eb080000)
  to   space 512K, 0% used [0x00000000eaf80000,0x00000000eaf80000,0x00000000eb000000)
 ParOldGen       total 210432K, used 203342K [0x00000000c0000000, 0x00000000ccd80000, 0x00000000eab00000)
  object space 210432K, 96% used [0x00000000c0000000,0x00000000cc693848,0x00000000ccd80000)
 Metaspace       used 58385K, committed 59776K, reserved 1114112K
  class space    used 6106K, committed 6720K, reserved 1048576K
}
Event: 30.028 GC heap after
{Heap after GC invocations=217 (full 5):
 PSYoungGen      total 5120K, used 484K [0x00000000eab00000, 0x00000000eb280000, 0x0000000100000000)
  eden space 4608K, 0% used [0x00000000eab00000,0x00000000eab00000,0x00000000eaf80000)
  from space 512K, 94% used [0x00000000eaf80000,0x00000000eaff9000,0x00000000eb000000)
  to   space 1536K, 0% used [0x00000000eb100000,0x00000000eb100000,0x00000000eb280000)
 ParOldGen       total 210432K, used 203947K [0x00000000c0000000, 0x00000000ccd80000, 0x00000000eab00000)
  object space 210432K, 96% used [0x00000000c0000000,0x00000000cc72ad08,0x00000000ccd80000)
 Metaspace       used 58385K, committed 59776K, reserved 1114112K
  class space    used 6106K, committed 6720K, reserved 1048576K
}
Event: 30.043 GC heap before
{Heap before GC invocations=218 (full 5):
 PSYoungGen      total 5120K, used 4988K [0x00000000eab00000, 0x00000000eb280000, 0x0000000100000000)
  eden space 4608K, 97% used [0x00000000eab00000,0x00000000eaf66248,0x00000000eaf80000)
  from space 512K, 94% used [0x00000000eaf80000,0x00000000eaff9000,0x00000000eb000000)
  to   space 1536K, 0% used [0x00000000eb100000,0x00000000eb100000,0x00000000eb280000)
 ParOldGen       total 210432K, used 203947K [0x00000000c0000000, 0x00000000ccd80000, 0x00000000eab00000)
  object space 210432K, 96% used [0x00000000c0000000,0x00000000cc72ad08,0x00000000ccd80000)
 Metaspace       used 58385K, committed 59776K, reserved 1114112K
  class space    used 6106K, committed 6720K, reserved 1048576K
}
Event: 30.049 GC heap after
{Heap after GC invocations=218 (full 5):
 PSYoungGen      total 5120K, used 1517K [0x00000000eab00000, 0x00000000eb500000, 0x0000000100000000)
  eden space 3584K, 0% used [0x00000000eab00000,0x00000000eab00000,0x00000000eae80000)
  from space 1536K, 98% used [0x00000000eb100000,0x00000000eb27b670,0x00000000eb280000)
  to   space 2560K, 0% used [0x00000000eae80000,0x00000000eae80000,0x00000000eb100000)
 ParOldGen       total 210432K, used 204591K [0x00000000c0000000, 0x00000000ccd80000, 0x00000000eab00000)
  object space 210432K, 97% used [0x00000000c0000000,0x00000000cc7cbd08,0x00000000ccd80000)
 Metaspace       used 58385K, committed 59776K, reserved 1114112K
  class space    used 6106K, committed 6720K, reserved 1048576K
}
Event: 30.062 GC heap before
{Heap before GC invocations=219 (full 5):
 PSYoungGen      total 5120K, used 5101K [0x00000000eab00000, 0x00000000eb500000, 0x0000000100000000)
  eden space 3584K, 100% used [0x00000000eab00000,0x00000000eae80000,0x00000000eae80000)
  from space 1536K, 98% used [0x00000000eb100000,0x00000000eb27b670,0x00000000eb280000)
  to   space 2560K, 0% used [0x00000000eae80000,0x00000000eae80000,0x00000000eb100000)
 ParOldGen       total 210432K, used 204591K [0x00000000c0000000, 0x00000000ccd80000, 0x00000000eab00000)
  object space 210432K, 97% used [0x00000000c0000000,0x00000000cc7cbd08,0x00000000ccd80000)
 Metaspace       used 58385K, committed 59776K, reserved 1114112K
  class space    used 6106K, committed 6720K, reserved 1048576K
}
Event: 30.066 GC heap after
{Heap after GC invocations=219 (full 5):
 PSYoungGen      total 5120K, used 1120K [0x00000000eab00000, 0x00000000eb200000, 0x0000000100000000)
  eden space 3584K, 0% used [0x00000000eab00000,0x00000000eab00000,0x00000000eae80000)
  from space 1536K, 72% used [0x00000000eae80000,0x00000000eaf980d0,0x00000000eb000000)
  to   space 1536K, 0% used [0x00000000eb080000,0x00000000eb080000,0x00000000eb200000)
 ParOldGen       total 210432K, used 205940K [0x00000000c0000000, 0x00000000ccd80000, 0x00000000eab00000)
  object space 210432K, 97% used [0x00000000c0000000,0x00000000cc91d2a8,0x00000000ccd80000)
 Metaspace       used 58385K, committed 59776K, reserved 1114112K
  class space    used 6106K, committed 6720K, reserved 1048576K
}
Event: 30.076 GC heap before
{Heap before GC invocations=220 (full 5):
 PSYoungGen      total 5120K, used 4704K [0x00000000eab00000, 0x00000000eb200000, 0x0000000100000000)
  eden space 3584K, 99% used [0x00000000eab00000,0x00000000eae7ffe8,0x00000000eae80000)
  from space 1536K, 72% used [0x00000000eae80000,0x00000000eaf980d0,0x00000000eb000000)
  to   space 1536K, 0% used [0x00000000eb080000,0x00000000eb080000,0x00000000eb200000)
 ParOldGen       total 210432K, used 205940K [0x00000000c0000000, 0x00000000ccd80000, 0x00000000eab00000)
  object space 210432K, 97% used [0x00000000c0000000,0x00000000cc91d2a8,0x00000000ccd80000)
 Metaspace       used 58385K, committed 59776K, reserved 1114112K
  class space    used 6106K, committed 6720K, reserved 1048576K
}
Event: 30.079 GC heap after
{Heap after GC invocations=220 (full 5):
 PSYoungGen      total 4608K, used 1504K [0x00000000eab00000, 0x00000000eb400000, 0x0000000100000000)
  eden space 3072K, 0% used [0x00000000eab00000,0x00000000eab00000,0x00000000eae00000)
  from space 1536K, 97% used [0x00000000eb080000,0x00000000eb1f80d0,0x00000000eb200000)
  to   space 2560K, 0% used [0x00000000eae00000,0x00000000eae00000,0x00000000eb080000)
 ParOldGen       total 210432K, used 206475K [0x00000000c0000000, 0x00000000ccd80000, 0x00000000eab00000)
  object space 210432K, 98% used [0x00000000c0000000,0x00000000cc9a2c88,0x00000000ccd80000)
 Metaspace       used 58385K, committed 59776K, reserved 1114112K
  class space    used 6106K, committed 6720K, reserved 1048576K
}
Event: 30.106 GC heap before
{Heap before GC invocations=221 (full 5):
 PSYoungGen      total 4608K, used 4576K [0x00000000eab00000, 0x00000000eb400000, 0x0000000100000000)
  eden space 3072K, 100% used [0x00000000eab00000,0x00000000eae00000,0x00000000eae00000)
  from space 1536K, 97% used [0x00000000eb080000,0x00000000eb1f80d0,0x00000000eb200000)
  to   space 2560K, 0% used [0x00000000eae00000,0x00000000eae00000,0x00000000eb080000)
 ParOldGen       total 210432K, used 206475K [0x00000000c0000000, 0x00000000ccd80000, 0x00000000eab00000)
  object space 210432K, 98% used [0x00000000c0000000,0x00000000cc9a2c88,0x00000000ccd80000)
 Metaspace       used 58385K, committed 59776K, reserved 1114112K
  class space    used 6106K, committed 6720K, reserved 1048576K
}
Event: 30.109 GC heap after
{Heap after GC invocations=221 (full 5):
 PSYoungGen      total 4608K, used 1120K [0x00000000eab00000, 0x00000000eb180000, 0x0000000100000000)
  eden space 3072K, 0% used [0x00000000eab00000,0x00000000eab00000,0x00000000eae00000)
  from space 1536K, 72% used [0x00000000eae00000,0x00000000eaf18000,0x00000000eaf80000)
  to   space 1536K, 0% used [0x00000000eb000000,0x00000000eb000000,0x00000000eb180000)
 ParOldGen       total 210432K, used 208013K [0x00000000c0000000, 0x00000000ccd80000, 0x00000000eab00000)
  object space 210432K, 98% used [0x00000000c0000000,0x00000000ccb23500,0x00000000ccd80000)
 Metaspace       used 58385K, committed 59776K, reserved 1114112K
  class space    used 6106K, committed 6720K, reserved 1048576K
}
Event: 30.116 GC heap before
{Heap before GC invocations=222 (full 5):
 PSYoungGen      total 4608K, used 4192K [0x00000000eab00000, 0x00000000eb180000, 0x0000000100000000)
  eden space 3072K, 100% used [0x00000000eab00000,0x00000000eae00000,0x00000000eae00000)
  from space 1536K, 72% used [0x00000000eae00000,0x00000000eaf18000,0x00000000eaf80000)
  to   space 1536K, 0% used [0x00000000eb000000,0x00000000eb000000,0x00000000eb180000)
 ParOldGen       total 210432K, used 208013K [0x00000000c0000000, 0x00000000ccd80000, 0x00000000eab00000)
  object space 210432K, 98% used [0x00000000c0000000,0x00000000ccb23500,0x00000000ccd80000)
 Metaspace       used 58385K, committed 59776K, reserved 1114112K
  class space    used 6106K, committed 6720K, reserved 1048576K
}
Event: 30.119 GC heap after
{Heap after GC invocations=222 (full 5):
 PSYoungGen      total 4608K, used 1534K [0x00000000eab00000, 0x00000000eb280000, 0x0000000100000000)
  eden space 3072K, 0% used [0x00000000eab00000,0x00000000eab00000,0x00000000eae00000)
  from space 1536K, 99% used [0x00000000eb000000,0x00000000eb17f890,0x00000000eb180000)
  to   space 2048K, 0% used [0x00000000eae00000,0x00000000eae00000,0x00000000eb000000)
 ParOldGen       total 210432K, used 208205K [0x00000000c0000000, 0x00000000ccd80000, 0x00000000eab00000)
  object space 210432K, 98% used [0x00000000c0000000,0x00000000ccb53500,0x00000000ccd80000)
 Metaspace       used 58385K, committed 59776K, reserved 1114112K
  class space    used 6106K, committed 6720K, reserved 1048576K
}
Event: 30.125 GC heap before
{Heap before GC invocations=223 (full 5):
 PSYoungGen      total 4608K, used 4606K [0x00000000eab00000, 0x00000000eb280000, 0x0000000100000000)
  eden space 3072K, 100% used [0x00000000eab00000,0x00000000eae00000,0x00000000eae00000)
  from space 1536K, 99% used [0x00000000eb000000,0x00000000eb17f890,0x00000000eb180000)
  to   space 2048K, 0% used [0x00000000eae00000,0x00000000eae00000,0x00000000eb000000)
 ParOldGen       total 210432K, used 208205K [0x00000000c0000000, 0x00000000ccd80000, 0x00000000eab00000)
  object space 210432K, 98% used [0x00000000c0000000,0x00000000ccb53500,0x00000000ccd80000)
 Metaspace       used 58385K, committed 59776K, reserved 1114112K
  class space    used 6106K, committed 6720K, reserved 1048576K
}
Event: 30.129 GC heap after
{Heap after GC invocations=223 (full 5):
 PSYoungGen      total 5120K, used 962K [0x00000000eab00000, 0x00000000eb180000, 0x0000000100000000)
  eden space 3072K, 0% used [0x00000000eab00000,0x00000000eab00000,0x00000000eae00000)
  from space 2048K, 47% used [0x00000000eae00000,0x00000000eaef0a78,0x00000000eb000000)
  to   space 1536K, 0% used [0x00000000eb000000,0x00000000eb000000,0x00000000eb180000)
 ParOldGen       total 210432K, used 209761K [0x00000000c0000000, 0x00000000ccd80000, 0x00000000eab00000)
  object space 210432K, 99% used [0x00000000c0000000,0x00000000cccd85e0,0x00000000ccd80000)
 Metaspace       used 58385K, committed 59776K, reserved 1114112K
  class space    used 6106K, committed 6720K, reserved 1048576K
}
Event: 30.154 GC heap before
{Heap before GC invocations=224 (full 5):
 PSYoungGen      total 5120K, used 4034K [0x00000000eab00000, 0x00000000eb180000, 0x0000000100000000)
  eden space 3072K, 100% used [0x00000000eab00000,0x00000000eae00000,0x00000000eae00000)
  from space 2048K, 47% used [0x00000000eae00000,0x00000000eaef0a78,0x00000000eb000000)
  to   space 1536K, 0% used [0x00000000eb000000,0x00000000eb000000,0x00000000eb180000)
 ParOldGen       total 210432K, used 209761K [0x00000000c0000000, 0x00000000ccd80000, 0x00000000eab00000)
  object space 210432K, 99% used [0x00000000c0000000,0x00000000cccd85e0,0x00000000ccd80000)
 Metaspace       used 58385K, committed 59776K, reserved 1114112K
  class space    used 6106K, committed 6720K, reserved 1048576K
}
Event: 30.157 GC heap after
{Heap after GC invocations=224 (full 5):
 PSYoungGen      total 4608K, used 1517K [0x00000000eab00000, 0x00000000eb280000, 0x0000000100000000)
  eden space 3072K, 0% used [0x00000000eab00000,0x00000000eab00000,0x00000000eae00000)
  from space 1536K, 98% used [0x00000000eb000000,0x00000000eb17b478,0x00000000eb180000)
  to   space 2048K, 0% used [0x00000000eae00000,0x00000000eae00000,0x00000000eb000000)
 ParOldGen       total 210432K, used 209857K [0x00000000c0000000, 0x00000000ccd80000, 0x00000000eab00000)
  object space 210432K, 99% used [0x00000000c0000000,0x00000000cccf05e0,0x00000000ccd80000)
 Metaspace       used 58385K, committed 59776K, reserved 1114112K
  class space    used 6106K, committed 6720K, reserved 1048576K
}
Event: 30.171 GC heap before
{Heap before GC invocations=225 (full 5):
 PSYoungGen      total 4608K, used 4589K [0x00000000eab00000, 0x00000000eb280000, 0x0000000100000000)
  eden space 3072K, 100% used [0x00000000eab00000,0x00000000eae00000,0x00000000eae00000)
  from space 1536K, 98% used [0x00000000eb000000,0x00000000eb17b478,0x00000000eb180000)
  to   space 2048K, 0% used [0x00000000eae00000,0x00000000eae00000,0x00000000eb000000)
 ParOldGen       total 210432K, used 209857K [0x00000000c0000000, 0x00000000ccd80000, 0x00000000eab00000)
  object space 210432K, 99% used [0x00000000c0000000,0x00000000cccf05e0,0x00000000ccd80000)
 Metaspace       used 58389K, committed 59776K, reserved 1114112K
  class space    used 6107K, committed 6720K, reserved 1048576K
}
Event: 30.176 GC heap after
{Heap after GC invocations=225 (full 5):
 PSYoungGen      total 5120K, used 960K [0x00000000eab00000, 0x00000000eb180000, 0x0000000100000000)
  eden space 3072K, 0% used [0x00000000eab00000,0x00000000eab00000,0x00000000eae00000)
  from space 2048K, 46% used [0x00000000eae00000,0x00000000eaef0000,0x00000000eb000000)
  to   space 1536K, 0% used [0x00000000eb000000,0x00000000eb000000,0x00000000eb180000)
 ParOldGen       total 211456K, used 211395K [0x00000000c0000000, 0x00000000cce80000, 0x00000000eab00000)
  object space 211456K, 99% used [0x00000000c0000000,0x00000000cce70ce0,0x00000000cce80000)
 Metaspace       used 58389K, committed 59776K, reserved 1114112K
  class space    used 6107K, committed 6720K, reserved 1048576K
}

